problem_instance_file_name: anna.col
cmd_line: mpirun -n 8 ./graph-coloring ../inputs/anna.col 20
solver_version: v1.0.1
number_of_vertices: 138
number_of_edges: 986
time_limit_sec: 20
number_of_worker_processes: 8
number_of_cores_per_worker: 2
wall_time_sec: 0
is_within_time_limit: true
number_of_colors: 11
0 1
1 1
2 1
3 1
4 3
5 1
6 8
7 1
8 2
9 1
10 1
11 2
12 1
13 1
14 1
15 4
16 3
17 3
18 1
19 1
20 4
21 1
22 1
23 1
24 1
25 4
26 1
27 5
28 2
29 3
30 1
31 2
32 6
33 2
34 2
35 2
36 1
37 1
38 1
39 2
40 2
41 2
42 1
43 1
44 4
45 4
46 1
47 1
48 2
49 1
50 4
51 1
52 2
53 2
54 2
55 1
56 5
57 1
58 8
59 1
60 1
61 4
62 2
63 1
64 1
65 1
66 1
67 2
68 1
69 1
70 1
71 4
72 6
73 5
74 1
75 6
76 3
77 2
78 1
79 1
80 10
81 2
82 1
83 2
84 8
85 2
86 1
87 1
88 9
89 4
90 11
91 6
92 1
93 3
94 8
95 2
96 2
97 2
98 1
99 5
100 7
101 1
102 4
103 3
104 1
105 3
106 1
107 1
108 2
109 1
110 2
111 1
112 1
113 1
114 3
115 9
116 2
117 1
118 1
119 3
120 1
121 2
122 1
123 1
124 1
125 2
126 1
127 2
128 1
129 6
130 3
131 2
132 1
133 1
134 4
135 6
136 1
137 7
