problem_instance_file_name: le450_5a.col
cmd_line: mpirun -n 512 ./graph-coloring ../inputs/le450_5a.col 3600
solver_version: v1.0.1
number_of_vertices: 450
number_of_edges: 5714
time_limit_sec: 3600
number_of_worker_processes: 512
number_of_cores_per_worker: 2
wall_time_sec: 3600
is_within_time_limit: false
number_of_colors: 8
0 1
1 2
2 4
3 7
4 4
5 2
6 2
7 5
8 4
9 3
10 1
11 1
12 3
13 4
14 3
15 1
16 1
17 6
18 4
19 3
20 1
21 2
22 6
23 3
24 7
25 1
26 2
27 7
28 5
29 3
30 1
31 2
32 3
33 4
34 3
35 2
36 1
37 3
38 3
39 1
40 2
41 2
42 7
43 4
44 1
45 2
46 4
47 5
48 6
49 5
50 1
51 1
52 5
53 4
54 3
55 2
56 2
57 5
58 4
59 5
60 4
61 4
62 2
63 5
64 5
65 1
66 2
67 4
68 5
69 7
70 4
71 4
72 4
73 6
74 3
75 1
76 6
77 4
78 5
79 3
80 1
81 2
82 6
83 5
84 4
85 8
86 2
87 7
88 8
89 3
90 7
91 2
92 4
93 4
94 3
95 8
96 2
97 5
98 6
99 3
100 1
101 1
102 4
103 3
104 3
105 1
106 6
107 6
108 8
109 3
110 1
111 5
112 1
113 4
114 7
115 5
116 2
117 4
118 5
119 6
120 2
121 2
122 5
123 4
124 3
125 1
126 1
127 7
128 3
129 7
130 3
131 2
132 6
133 3
134 3
135 1
136 2
137 6
138 6
139 6
140 1
141 1
142 6
143 4
144 3
145 1
146 2
147 5
148 3
149 5
150 2
151 2
152 2
153 5
154 5
155 2
156 2
157 5
158 5
159 3
160 2
161 4
162 5
163 4
164 3
165 2
166 5
167 4
168 5
169 3
170 2
171 2
172 5
173 5
174 4
175 1
176 2
177 4
178 5
179 3
180 1
181 2
182 4
183 7
184 3
185 7
186 2
187 4
188 5
189 3
190 1
191 1
192 5
193 2
194 3
195 1
196 1
197 6
198 4
199 3
200 4
201 2
202 6
203 6
204 5
205 1
206 2
207 7
208 3
209 6
210 1
211 2
212 1
213 6
214 3
215 1
216 1
217 8
218 3
219 8
220 1
221 5
222 5
223 4
224 6
225 1
226 2
227 6
228 8
229 5
230 2
231 1
232 5
233 4
234 3
235 8
236 2
237 3
238 4
239 5
240 1
241 5
242 2
243 3
244 5
245 8
246 2
247 7
248 3
249 3
250 7
251 1
252 7
253 4
254 3
255 1
256 7
257 7
258 3
259 3
260 6
261 2
262 7
263 3
264 1
265 2
266 6
267 7
268 3
269 3
270 2
271 2
272 5
273 7
274 3
275 2
276 2
277 5
278 4
279 3
280 2
281 1
282 5
283 4
284 3
285 6
286 1
287 7
288 4
289 3
290 6
291 2
292 4
293 4
294 7
295 1
296 2
297 4
298 5
299 6
300 1
301 2
302 7
303 6
304 3
305 1
306 1
307 7
308 5
309 7
310 8
311 2
312 6
313 7
314 3
315 8
316 2
317 6
318 6
319 5
320 1
321 5
322 7
323 3
324 3
325 6
326 2
327 6
328 3
329 5
330 1
331 5
332 2
333 5
334 5
335 1
336 6
337 8
338 7
339 4
340 5
341 1
342 6
343 4
344 6
345 2
346 7
347 6
348 5
349 3
350 1
351 2
352 6
353 3
354 5
355 1
356 2
357 4
358 3
359 3
360 1
361 2
362 8
363 2
364 3
365 8
366 2
367 7
368 6
369 3
370 1
371 1
372 5
373 3
374 3
375 2
376 1
377 7
378 4
379 3
380 2
381 2
382 7
383 4
384 4
385 2
386 2
387 5
388 5
389 3
390 8
391 2
392 7
393 8
394 3
395 2
396 1
397 5
398 8
399 7
400 1
401 2
402 6
403 4
404 3
405 1
406 2
407 6
408 8
409 5
410 1
411 1
412 4
413 6
414 3
415 1
416 2
417 6
418 5
419 7
420 1
421 2
422 7
423 5
424 6
425 8
426 2
427 4
428 5
429 8
430 8
431 8
432 7
433 3
434 3
435 1
436 6
437 8
438 3
439 6
440 1
441 6
442 8
443 3
444 4
445 1
446 6
447 5
448 5
449 3
