problem_instance_file_name: le450_25d.col
cmd_line: mpirun -n 512 ./graph-coloring ../inputs/le450_25d.col 3600
solver_version: v1.0.1
number_of_vertices: 450
number_of_edges: 17425
time_limit_sec: 3600
number_of_worker_processes: 512
number_of_cores_per_worker: 2
wall_time_sec: 3600
is_within_time_limit: false
number_of_colors: 27
0 1
1 2
2 6
3 3
4 25
5 22
6 13
7 7
8 13
9 3
10 1
11 9
12 20
13 3
14 1
15 26
16 1
17 4
18 12
19 16
20 18
21 4
22 3
23 22
24 23
25 13
26 16
27 21
28 7
29 8
30 9
31 2
32 8
33 12
34 23
35 10
36 6
37 15
38 11
39 4
40 11
41 3
42 6
43 7
44 24
45 22
46 3
47 10
48 16
49 16
50 20
51 15
52 6
53 1
54 4
55 5
56 13
57 27
58 9
59 13
60 7
61 5
62 5
63 1
64 20
65 2
66 10
67 6
68 12
69 20
70 27
71 13
72 9
73 7
74 3
75 1
76 2
77 16
78 13
79 3
80 25
81 21
82 27
83 10
84 24
85 1
86 14
87 18
88 4
89 2
90 19
91 18
92 13
93 17
94 7
95 22
96 14
97 8
98 14
99 21
100 24
101 3
102 4
103 7
104 25
105 8
106 19
107 9
108 12
109 16
110 2
111 15
112 17
113 25
114 15
115 14
116 1
117 16
118 21
119 21
120 3
121 13
122 10
123 13
124 3
125 21
126 27
127 26
128 10
129 13
130 1
131 18
132 17
133 3
134 6
135 8
136 2
137 23
138 8
139 9
140 5
141 3
142 6
143 4
144 11
145 8
146 13
147 20
148 15
149 7
150 15
151 3
152 17
153 26
154 23
155 5
156 9
157 17
158 18
159 14
160 4
161 3
162 6
163 16
164 12
165 25
166 3
167 12
168 26
169 24
170 1
171 10
172 10
173 12
174 3
175 5
176 26
177 12
178 12
179 16
180 9
181 27
182 19
183 14
184 15
185 1
186 1
187 14
188 1
189 4
190 17
191 25
192 20
193 15
194 19
195 7
196 6
197 20
198 17
199 7
200 15
201 25
202 16
203 7
204 8
205 6
206 17
207 22
208 12
209 5
210 11
211 1
212 18
213 11
214 4
215 17
216 14
217 20
218 17
219 15
220 12
221 8
222 16
223 3
224 19
225 21
226 18
227 4
228 10
229 2
230 3
231 1
232 19
233 14
234 15
235 2
236 11
237 19
238 11
239 11
240 9
241 2
242 4
243 26
244 25
245 25
246 11
247 9
248 17
249 1
250 2
251 15
252 6
253 12
254 20
255 5
256 24
257 17
258 14
259 19
260 20
261 18
262 14
263 20
264 15
265 9
266 18
267 10
268 20
269 21
270 24
271 23
272 20
273 13
274 26
275 21
276 9
277 6
278 3
279 22
280 14
281 1
282 17
283 22
284 17
285 20
286 24
287 25
288 26
289 1
290 19
291 16
292 5
293 19
294 11
295 27
296 13
297 2
298 6
299 24
300 5
301 6
302 7
303 4
304 8
305 18
306 12
307 22
308 13
309 21
310 5
311 7
312 10
313 4
314 22
315 19
316 8
317 1
318 5
319 12
320 24
321 9
322 11
323 24
324 7
325 20
326 2
327 14
328 18
329 23
330 6
331 4
332 16
333 8
334 2
335 2
336 15
337 9
338 4
339 17
340 9
341 4
342 22
343 23
344 25
345 27
346 1
347 10
348 23
349 16
350 8
351 2
352 3
353 3
354 25
355 24
356 22
357 2
358 22
359 9
360 23
361 26
362 23
363 26
364 27
365 7
366 21
367 1
368 24
369 3
370 27
371 15
372 26
373 10
374 18
375 18
376 8
377 27
378 10
379 12
380 21
381 1
382 27
383 3
384 20
385 5
386 13
387 22
388 15
389 9
390 24
391 14
392 6
393 27
394 17
395 9
396 8
397 23
398 2
399 26
400 11
401 24
402 7
403 12
404 4
405 25
406 16
407 3
408 16
409 25
410 26
411 16
412 19
413 15
414 21
415 14
416 25
417 5
418 7
419 2
420 21
421 2
422 5
423 13
424 9
425 10
426 23
427 22
428 6
429 8
430 2
431 15
432 20
433 5
434 2
435 23
436 19
437 25
438 24
439 22
440 11
441 21
442 21
443 27
444 1
445 25
446 26
447 24
448 14
449 1
