problem_instance_file_name: le450_25c.col
cmd_line: mpirun -n 512 ./graph-coloring ../inputs/le450_25c.col 3600
solver_version: v1.0.1
number_of_vertices: 450
number_of_edges: 17343
time_limit_sec: 3600
number_of_worker_processes: 512
number_of_cores_per_worker: 2
wall_time_sec: 3600
is_within_time_limit: false
number_of_colors: 27
0 1
1 2
2 13
3 14
4 9
5 9
6 17
7 12
8 24
9 11
10 16
11 3
12 15
13 2
14 3
15 6
16 6
17 1
18 2
19 4
20 6
21 3
22 4
23 16
24 2
25 15
26 2
27 10
28 7
29 1
30 11
31 17
32 9
33 7
34 7
35 14
36 15
37 10
38 5
39 9
40 20
41 1
42 20
43 3
44 11
45 8
46 5
47 10
48 17
49 27
50 20
51 1
52 2
53 10
54 9
55 9
56 3
57 12
58 8
59 7
60 4
61 12
62 7
63 3
64 20
65 18
66 16
67 8
68 8
69 23
70 19
71 9
72 1
73 18
74 22
75 18
76 1
77 15
78 10
79 2
80 1
81 11
82 15
83 2
84 5
85 8
86 23
87 5
88 23
89 15
90 13
91 22
92 5
93 1
94 12
95 21
96 27
97 5
98 11
99 2
100 22
101 2
102 12
103 9
104 3
105 10
106 11
107 3
108 1
109 22
110 25
111 4
112 23
113 19
114 5
115 15
116 6
117 9
118 2
119 17
120 20
121 19
122 7
123 2
124 22
125 1
126 2
127 17
128 6
129 10
130 17
131 24
132 3
133 6
134 14
135 7
136 6
137 4
138 18
139 6
140 13
141 1
142 26
143 8
144 27
145 16
146 5
147 20
148 10
149 5
150 13
151 13
152 1
153 3
154 17
155 14
156 26
157 2
158 10
159 7
160 24
161 3
162 4
163 11
164 5
165 14
166 2
167 6
168 25
169 1
170 17
171 7
172 14
173 17
174 9
175 19
176 6
177 3
178 5
179 3
180 20
181 25
182 20
183 6
184 19
185 10
186 10
187 14
188 1
189 13
190 14
191 8
192 22
193 16
194 18
195 8
196 20
197 4
198 1
199 27
200 6
201 10
202 21
203 16
204 18
205 23
206 8
207 2
208 19
209 19
210 14
211 6
212 1
213 14
214 26
215 2
216 20
217 19
218 14
219 3
220 7
221 23
222 5
223 9
224 5
225 17
226 13
227 9
228 15
229 1
230 8
231 24
232 9
233 24
234 18
235 19
236 4
237 21
238 12
239 7
240 21
241 5
242 11
243 9
244 2
245 19
246 4
247 26
248 18
249 1
250 13
251 25
252 8
253 7
254 17
255 6
256 22
257 4
258 10
259 21
260 16
261 23
262 24
263 23
264 14
265 11
266 13
267 1
268 5
269 1
270 27
271 8
272 12
273 6
274 20
275 25
276 22
277 24
278 24
279 15
280 19
281 16
282 24
283 13
284 14
285 10
286 11
287 21
288 27
289 22
290 4
291 15
292 23
293 16
294 20
295 16
296 21
297 25
298 8
299 27
300 7
301 22
302 4
303 12
304 25
305 13
306 24
307 1
308 13
309 14
310 15
311 15
312 13
313 26
314 21
315 9
316 16
317 21
318 14
319 16
320 7
321 4
322 3
323 22
324 9
325 26
326 17
327 18
328 25
329 24
330 13
331 18
332 19
333 1
334 10
335 1
336 8
337 7
338 12
339 26
340 13
341 10
342 13
343 9
344 17
345 11
346 9
347 3
348 11
349 20
350 23
351 17
352 12
353 25
354 27
355 18
356 3
357 12
358 8
359 25
360 17
361 10
362 25
363 13
364 5
365 12
366 5
367 5
368 1
369 12
370 1
371 16
372 21
373 23
374 15
375 11
376 24
377 4
378 24
379 4
380 22
381 22
382 2
383 23
384 7
385 11
386 20
387 18
388 14
389 4
390 12
391 17
392 12
393 26
394 6
395 21
396 3
397 22
398 19
399 23
400 18
401 2
402 26
403 21
404 24
405 26
406 1
407 24
408 25
409 25
410 3
411 17
412 8
413 13
414 5
415 27
416 19
417 8
418 8
419 25
420 1
421 24
422 1
423 15
424 27
425 3
426 26
427 12
428 2
429 15
430 15
431 18
432 10
433 6
434 25
435 16
436 20
437 13
438 3
439 11
440 4
441 15
442 19
443 14
444 6
445 20
446 16
447 5
448 22
449 12
