problem_instance_file_name: le450_5b.col
cmd_line: mpirun -n 256 ./graph-coloring ../inputs/le450_5b.col 10800
solver_version: v1.0.1
number_of_vertices: 450
number_of_edges: 5734
time_limit_sec: 10800
number_of_worker_processes: 256
number_of_cores_per_worker: 2
wall_time_sec: 10801
is_within_time_limit: false
number_of_colors: 8
0 1
1 2
2 6
3 3
4 5
5 7
6 2
7 1
8 2
9 5
10 1
11 1
12 5
13 2
14 1
15 7
16 1
17 1
18 3
19 4
20 1
21 6
22 2
23 3
24 7
25 1
26 5
27 1
28 3
29 2
30 8
31 1
32 2
33 5
34 4
35 2
36 7
37 3
38 3
39 4
40 4
41 7
42 3
43 2
44 4
45 2
46 6
47 2
48 3
49 4
50 2
51 2
52 2
53 3
54 6
55 4
56 1
57 6
58 2
59 6
60 6
61 1
62 6
63 2
64 4
65 7
66 8
67 6
68 3
69 5
70 7
71 1
72 6
73 6
74 4
75 1
76 6
77 5
78 3
79 2
80 1
81 7
82 5
83 3
84 7
85 3
86 6
87 5
88 3
89 6
90 5
91 5
92 2
93 1
94 8
95 2
96 5
97 1
98 5
99 4
100 7
101 1
102 5
103 3
104 4
105 7
106 1
107 6
108 2
109 6
110 1
111 2
112 2
113 3
114 8
115 7
116 2
117 5
118 3
119 5
120 4
121 2
122 5
123 6
124 4
125 7
126 1
127 5
128 3
129 4
130 1
131 6
132 5
133 3
134 6
135 5
136 6
137 8
138 3
139 5
140 4
141 8
142 7
143 3
144 7
145 4
146 1
147 3
148 2
149 4
150 2
151 7
152 3
153 3
154 4
155 7
156 7
157 1
158 3
159 1
160 7
161 2
162 1
163 3
164 3
165 8
166 5
167 5
168 3
169 4
170 7
171 7
172 6
173 3
174 7
175 8
176 2
177 5
178 3
179 4
180 1
181 6
182 5
183 3
184 8
185 1
186 8
187 1
188 4
189 4
190 1
191 6
192 5
193 3
194 4
195 8
196 2
197 1
198 3
199 2
200 5
201 7
202 2
203 3
204 8
205 8
206 1
207 2
208 3
209 4
210 4
211 4
212 2
213 6
214 4
215 7
216 1
217 6
218 3
219 4
220 7
221 2
222 8
223 3
224 4
225 6
226 2
227 2
228 2
229 6
230 7
231 2
232 5
233 3
234 6
235 1
236 1
237 6
238 2
239 4
240 1
241 1
242 5
243 3
244 4
245 1
246 6
247 5
248 3
249 7
250 1
251 6
252 1
253 3
254 7
255 4
256 1
257 2
258 3
259 8
260 8
261 7
262 3
263 6
264 4
265 5
266 2
267 3
268 3
269 4
270 2
271 6
272 2
273 3
274 7
275 7
276 5
277 1
278 6
279 4
280 5
281 1
282 5
283 3
284 6
285 7
286 1
287 1
288 3
289 4
290 1
291 4
292 6
293 3
294 5
295 1
296 4
297 1
298 3
299 4
300 4
301 2
302 2
303 4
304 4
305 1
306 7
307 8
308 3
309 7
310 4
311 7
312 5
313 3
314 2
315 8
316 5
317 2
318 3
319 8
320 4
321 1
322 2
323 3
324 4
325 4
326 1
327 5
328 2
329 4
330 7
331 1
332 6
333 2
334 4
335 7
336 2
337 1
338 3
339 6
340 7
341 1
342 1
343 3
344 5
345 8
346 1
347 5
348 8
349 4
350 1
351 1
352 6
353 3
354 8
355 1
356 6
357 2
358 3
359 8
360 1
361 6
362 6
363 3
364 7
365 7
366 8
367 3
368 5
369 7
370 8
371 1
372 3
373 3
374 4
375 2
376 2
377 3
378 3
379 4
380 5
381 7
382 2
383 7
384 4
385 7
386 2
387 1
388 3
389 4
390 4
391 2
392 6
393 5
394 7
395 6
396 1
397 6
398 3
399 4
400 7
401 2
402 2
403 3
404 5
405 8
406 8
407 8
408 3
409 4
410 4
411 8
412 5
413 3
414 4
415 1
416 5
417 7
418 5
419 4
420 8
421 5
422 7
423 3
424 4
425 7
426 6
427 5
428 3
429 8
430 8
431 5
432 1
433 6
434 4
435 8
436 1
437 2
438 3
439 4
440 7
441 1
442 6
443 3
444 4
445 5
446 8
447 6
448 3
449 8
