problem_instance_file_name: le450_15a.col
cmd_line: mpirun -n 512 ./graph-coloring ../inputs/le450_15a.col 3600
solver_version: v1.0.1
number_of_vertices: 450
number_of_edges: 8168
time_limit_sec: 3600
number_of_worker_processes: 512
number_of_cores_per_worker: 2
wall_time_sec: 3600
is_within_time_limit: false
number_of_colors: 16
0 1
1 2
2 9
3 11
4 4
5 10
6 13
7 7
8 6
9 10
10 1
11 6
12 5
13 1
14 9
15 7
16 6
17 7
18 4
19 5
20 5
21 8
22 4
23 1
24 7
25 2
26 12
27 3
28 4
29 3
30 4
31 2
32 9
33 1
34 3
35 4
36 3
37 1
38 7
39 3
40 11
41 6
42 13
43 1
44 7
45 9
46 12
47 6
48 7
49 9
50 1
51 9
52 3
53 3
54 5
55 5
56 11
57 6
58 12
59 7
60 1
61 2
62 10
63 5
64 3
65 10
66 3
67 11
68 1
69 1
70 15
71 4
72 10
73 2
74 9
75 10
76 5
77 5
78 1
79 4
80 13
81 4
82 7
83 10
84 6
85 1
86 2
87 2
88 1
89 3
90 4
91 11
92 7
93 11
94 9
95 9
96 4
97 3
98 10
99 12
100 7
101 3
102 10
103 4
104 14
105 6
106 11
107 1
108 2
109 4
110 10
111 7
112 1
113 13
114 6
115 2
116 5
117 1
118 8
119 9
120 9
121 8
122 14
123 1
124 14
125 4
126 3
127 3
128 1
129 1
130 7
131 1
132 12
133 11
134 7
135 15
136 5
137 1
138 7
139 12
140 1
141 3
142 2
143 12
144 12
145 14
146 2
147 4
148 12
149 13
150 2
151 2
152 8
153 12
154 3
155 5
156 12
157 2
158 14
159 11
160 6
161 3
162 6
163 14
164 15
165 1
166 10
167 14
168 13
169 3
170 1
171 13
172 1
173 1
174 12
175 4
176 3
177 6
178 8
179 5
180 8
181 14
182 2
183 8
184 2
185 4
186 13
187 4
188 12
189 2
190 4
191 10
192 5
193 7
194 14
195 9
196 8
197 12
198 4
199 15
200 1
201 13
202 5
203 11
204 3
205 12
206 4
207 2
208 5
209 6
210 7
211 5
212 6
213 14
214 7
215 4
216 3
217 1
218 2
219 9
220 5
221 10
222 5
223 8
224 2
225 14
226 3
227 9
228 16
229 2
230 14
231 3
232 12
233 4
234 10
235 1
236 5
237 2
238 1
239 2
240 8
241 11
242 1
243 9
244 14
245 6
246 9
247 3
248 15
249 5
250 14
251 6
252 11
253 10
254 13
255 4
256 8
257 4
258 6
259 13
260 14
261 8
262 9
263 9
264 3
265 10
266 12
267 10
268 7
269 11
270 2
271 3
272 1
273 7
274 10
275 11
276 2
277 13
278 1
279 12
280 1
281 8
282 12
283 4
284 2
285 12
286 14
287 13
288 10
289 15
290 15
291 2
292 14
293 13
294 2
295 11
296 8
297 10
298 13
299 14
300 2
301 15
302 11
303 1
304 13
305 10
306 13
307 2
308 3
309 9
310 3
311 5
312 4
313 2
314 9
315 1
316 12
317 8
318 14
319 3
320 13
321 13
322 2
323 9
324 4
325 1
326 2
327 7
328 6
329 13
330 8
331 1
332 10
333 2
334 3
335 15
336 9
337 8
338 11
339 12
340 8
341 16
342 11
343 2
344 9
345 16
346 4
347 5
348 13
349 1
350 5
351 8
352 6
353 12
354 13
355 5
356 6
357 7
358 4
359 3
360 14
361 8
362 16
363 7
364 7
365 15
366 4
367 15
368 2
369 12
370 15
371 6
372 3
373 10
374 15
375 9
376 6
377 16
378 1
379 2
380 15
381 11
382 8
383 12
384 1
385 8
386 5
387 9
388 16
389 14
390 9
391 12
392 16
393 1
394 15
395 9
396 8
397 12
398 14
399 11
400 1
401 6
402 11
403 15
404 11
405 4
406 16
407 15
408 15
409 2
410 1
411 2
412 8
413 14
414 2
415 15
416 2
417 11
418 8
419 13
420 14
421 1
422 14
423 14
424 3
425 7
426 4
427 7
428 14
429 11
430 10
431 11
432 11
433 14
434 15
435 3
436 1
437 1
438 9
439 15
440 14
441 6
442 1
443 11
444 16
445 5
446 6
447 2
448 4
449 15
