problem_instance_file_name: le450_15d.col
cmd_line: mpirun -n 512 ./graph-coloring ../inputs/le450_15d.col 3600
solver_version: v1.0.1
number_of_vertices: 450
number_of_edges: 16750
time_limit_sec: 3600
number_of_worker_processes: 512
number_of_cores_per_worker: 2
wall_time_sec: 3600
is_within_time_limit: false
number_of_colors: 23
0 1
1 4
2 2
3 18
4 9
5 20
6 18
7 17
8 5
9 13
10 6
11 16
12 3
13 1
14 4
15 13
16 17
17 12
18 11
19 7
20 5
21 6
22 2
23 15
24 11
25 2
26 5
27 15
28 1
29 5
30 12
31 16
32 2
33 6
34 14
35 8
36 3
37 12
38 8
39 19
40 5
41 1
42 11
43 6
44 12
45 2
46 15
47 5
48 18
49 1
50 1
51 3
52 19
53 7
54 3
55 13
56 13
57 1
58 2
59 1
60 23
61 6
62 4
63 10
64 2
65 12
66 17
67 18
68 10
69 23
70 3
71 4
72 1
73 1
74 3
75 9
76 17
77 9
78 13
79 13
80 1
81 1
82 9
83 19
84 10
85 4
86 11
87 11
88 19
89 20
90 1
91 6
92 14
93 6
94 3
95 8
96 14
97 7
98 5
99 4
100 11
101 8
102 3
103 11
104 12
105 3
106 15
107 17
108 7
109 4
110 6
111 18
112 14
113 21
114 8
115 9
116 17
117 15
118 5
119 1
120 21
121 6
122 12
123 7
124 14
125 3
126 3
127 18
128 22
129 9
130 4
131 16
132 3
133 16
134 4
135 10
136 12
137 5
138 7
139 4
140 7
141 8
142 9
143 6
144 21
145 15
146 13
147 2
148 6
149 10
150 4
151 4
152 10
153 14
154 13
155 15
156 21
157 22
158 19
159 12
160 9
161 16
162 16
163 1
164 2
165 9
166 4
167 1
168 10
169 9
170 12
171 13
172 11
173 7
174 7
175 8
176 5
177 4
178 11
179 8
180 1
181 10
182 22
183 22
184 4
185 12
186 6
187 11
188 16
189 14
190 4
191 5
192 18
193 16
194 8
195 21
196 21
197 7
198 7
199 15
200 18
201 21
202 21
203 19
204 4
205 14
206 8
207 15
208 18
209 7
210 11
211 6
212 2
213 6
214 20
215 12
216 21
217 3
218 5
219 19
220 22
221 13
222 6
223 11
224 8
225 5
226 1
227 5
228 13
229 4
230 9
231 6
232 14
233 2
234 4
235 20
236 12
237 13
238 6
239 14
240 1
241 3
242 18
243 21
244 4
245 13
246 17
247 8
248 17
249 6
250 1
251 12
252 12
253 16
254 20
255 9
256 13
257 14
258 3
259 16
260 5
261 3
262 9
263 8
264 1
265 15
266 17
267 3
268 5
269 4
270 9
271 15
272 7
273 2
274 20
275 18
276 14
277 11
278 21
279 21
280 20
281 20
282 17
283 11
284 20
285 11
286 10
287 15
288 8
289 14
290 20
291 10
292 19
293 14
294 20
295 4
296 12
297 15
298 18
299 5
300 9
301 10
302 6
303 22
304 20
305 19
306 22
307 4
308 18
309 18
310 4
311 12
312 5
313 16
314 21
315 11
316 15
317 2
318 5
319 7
320 7
321 22
322 14
323 17
324 14
325 11
326 9
327 23
328 11
329 19
330 8
331 2
332 8
333 22
334 9
335 5
336 12
337 2
338 21
339 20
340 22
341 23
342 2
343 18
344 10
345 18
346 23
347 21
348 14
349 17
350 14
351 3
352 14
353 5
354 22
355 5
356 11
357 17
358 21
359 3
360 9
361 6
362 23
363 17
364 16
365 8
366 21
367 3
368 8
369 13
370 16
371 17
372 10
373 16
374 7
375 1
376 15
377 2
378 1
379 20
380 2
381 16
382 16
383 6
384 4
385 15
386 20
387 10
388 5
389 22
390 10
391 15
392 23
393 19
394 13
395 9
396 13
397 18
398 23
399 20
400 3
401 13
402 2
403 15
404 2
405 23
406 22
407 7
408 7
409 14
410 12
411 13
412 18
413 9
414 8
415 8
416 2
417 1
418 17
419 10
420 20
421 6
422 6
423 17
424 14
425 1
426 14
427 7
428 22
429 10
430 2
431 22
432 15
433 23
434 8
435 9
436 2
437 2
438 23
439 5
440 19
441 7
442 7
443 22
444 18
445 3
446 19
447 16
448 19
449 20
