problem_instance_file_name: le450_15c.col
cmd_line: mpirun -n 512 ./graph-coloring ../inputs/le450_15c.col 3600
solver_version: v1.0.1
number_of_vertices: 450
number_of_edges: 16680
time_limit_sec: 3600
number_of_worker_processes: 512
number_of_cores_per_worker: 2
wall_time_sec: 3600
is_within_time_limit: false
number_of_colors: 22
0 1
1 7
2 8
3 2
4 1
5 15
6 1
7 18
8 6
9 14
10 12
11 17
12 2
13 5
14 5
15 2
16 3
17 1
18 8
19 1
20 12
21 4
22 16
23 3
24 9
25 9
26 17
27 2
28 6
29 12
30 3
31 4
32 3
33 17
34 19
35 17
36 5
37 11
38 4
39 5
40 15
41 13
42 2
43 13
44 20
45 14
46 3
47 7
48 9
49 1
50 4
51 19
52 13
53 4
54 18
55 17
56 6
57 2
58 9
59 18
60 13
61 4
62 11
63 16
64 11
65 3
66 14
67 8
68 19
69 2
70 2
71 5
72 10
73 18
74 6
75 21
76 14
77 8
78 16
79 5
80 20
81 13
82 7
83 13
84 13
85 19
86 7
87 16
88 2
89 12
90 19
91 15
92 20
93 16
94 9
95 21
96 12
97 7
98 18
99 5
100 13
101 18
102 14
103 7
104 3
105 17
106 4
107 10
108 11
109 1
110 13
111 13
112 9
113 7
114 16
115 10
116 18
117 4
118 6
119 20
120 3
121 10
122 21
123 15
124 1
125 1
126 14
127 15
128 3
129 12
130 12
131 16
132 2
133 19
134 10
135 6
136 7
137 16
138 3
139 1
140 9
141 9
142 8
143 1
144 6
145 4
146 4
147 8
148 19
149 17
150 8
151 10
152 9
153 16
154 4
155 11
156 9
157 15
158 2
159 8
160 13
161 15
162 1
163 5
164 6
165 19
166 6
167 8
168 3
169 1
170 1
171 11
172 10
173 20
174 3
175 8
176 10
177 10
178 9
179 4
180 1
181 7
182 18
183 14
184 14
185 22
186 18
187 11
188 12
189 5
190 10
191 12
192 14
193 5
194 2
195 17
196 7
197 1
198 16
199 2
200 11
201 13
202 21
203 8
204 2
205 20
206 17
207 12
208 10
209 4
210 8
211 14
212 2
213 10
214 13
215 12
216 7
217 22
218 3
219 18
220 1
221 12
222 20
223 1
224 20
225 17
226 12
227 10
228 16
229 9
230 22
231 12
232 18
233 3
234 2
235 15
236 6
237 10
238 5
239 14
240 17
241 14
242 2
243 1
244 11
245 1
246 9
247 6
248 2
249 2
250 13
251 16
252 3
253 4
254 20
255 15
256 13
257 21
258 16
259 1
260 19
261 12
262 11
263 20
264 9
265 5
266 18
267 1
268 14
269 7
270 7
271 11
272 3
273 1
274 11
275 8
276 8
277 7
278 7
279 6
280 13
281 17
282 5
283 5
284 15
285 3
286 6
287 13
288 6
289 11
290 4
291 13
292 9
293 20
294 22
295 10
296 17
297 18
298 15
299 15
300 22
301 8
302 3
303 3
304 5
305 11
306 21
307 11
308 15
309 16
310 5
311 3
312 21
313 2
314 17
315 22
316 18
317 5
318 16
319 15
320 7
321 8
322 7
323 2
324 6
325 19
326 7
327 14
328 17
329 20
330 4
331 20
332 18
333 16
334 22
335 14
336 15
337 3
338 19
339 2
340 21
341 21
342 18
343 8
344 6
345 1
346 10
347 11
348 16
349 14
350 19
351 14
352 5
353 21
354 17
355 9
356 19
357 8
358 14
359 9
360 17
361 1
362 8
363 16
364 18
365 22
366 15
367 21
368 19
369 4
370 3
371 21
372 15
373 22
374 20
375 20
376 1
377 3
378 12
379 19
380 7
381 2
382 21
383 10
384 9
385 15
386 15
387 6
388 21
389 10
390 16
391 5
392 3
393 7
394 1
395 8
396 20
397 11
398 19
399 5
400 13
401 17
402 14
403 13
404 7
405 6
406 4
407 10
408 8
409 11
410 12
411 14
412 4
413 10
414 20
415 6
416 15
417 14
418 14
419 8
420 12
421 14
422 17
423 2
424 6
425 16
426 19
427 22
428 3
429 21
430 2
431 22
432 21
433 20
434 4
435 17
436 22
437 9
438 16
439 15
440 11
441 12
442 21
443 22
444 22
445 22
446 18
447 12
448 19
449 4
