problem_instance_file_name: myciel6.col
cmd_line: mpirun -n 512 ./graph-coloring ../inputs/myciel6.col 3600
solver_version: v1.0.1
number_of_vertices: 95
number_of_edges: 755
time_limit_sec: 3600
number_of_worker_processes: 512
number_of_cores_per_worker: 2
wall_time_sec: 3600
is_within_time_limit: false
number_of_colors: 7
0 1
1 2
2 3
3 2
4 4
5 1
6 4
7 1
8 2
9 4
10 3
11 5
12 4
13 3
14 5
15 4
16 1
17 4
18 1
19 5
20 4
21 3
22 2
23 3
24 6
25 3
26 2
27 4
28 6
29 4
30 5
31 2
32 4
33 3
34 3
35 4
36 3
37 3
38 4
39 4
40 4
41 5
42 5
43 4
44 3
45 2
46 1
47 1
48 2
49 1
50 2
51 6
52 1
53 2
54 1
55 2
56 1
57 3
58 1
59 7
60 1
61 5
62 6
63 1
64 5
65 1
66 5
67 1
68 3
69 2
70 3
71 2
72 3
73 2
74 6
75 6
76 2
77 5
78 2
79 6
80 3
81 3
82 5
83 3
84 3
85 5
86 5
87 5
88 5
89 5
90 5
91 3
92 2
93 1
94 4
