problem_instance_file_name: myciel7.col
cmd_line: mpirun -n 384 ./graph-coloring ../inputs/myciel7.col 10800
solver_version: v1.0.1
number_of_vertices: 191
number_of_edges: 2360
time_limit_sec: 10800
number_of_worker_processes: 384
number_of_cores_per_worker: 2
wall_time_sec: 10800
is_within_time_limit: false
number_of_colors: 8
0 1
1 2
2 1
3 3
4 4
5 5
6 4
7 1
8 3
9 5
10 2
11 1
12 2
13 1
14 3
15 2
16 1
17 4
18 1
19 3
20 4
21 2
22 5
23 5
24 2
25 3
26 6
27 4
28 5
29 3
30 3
31 3
32 4
33 2
34 6
35 2
36 3
37 2
38 2
39 6
40 3
41 3
42 3
43 4
44 2
45 5
46 1
47 1
48 4
49 1
50 3
51 4
52 1
53 4
54 1
55 3
56 4
57 7
58 1
59 4
60 1
61 3
62 4
63 1
64 4
65 1
66 3
67 4
68 6
69 5
70 5
71 3
72 3
73 3
74 4
75 4
76 3
77 3
78 3
79 4
80 6
81 6
82 3
83 3
84 3
85 4
86 4
87 3
88 3
89 3
90 4
91 6
92 5
93 1
94 2
95 1
96 2
97 1
98 3
99 4
100 1
101 4
102 1
103 3
104 4
105 2
106 1
107 2
108 1
109 2
110 2
111 1
112 4
113 1
114 3
115 4
116 2
117 7
118 6
119 2
120 3
121 3
122 2
123 8
124 3
125 3
126 3
127 4
128 2
129 6
130 2
131 3
132 2
133 2
134 6
135 3
136 3
137 3
138 4
139 2
140 7
141 1
142 1
143 4
144 1
145 3
146 4
147 1
148 4
149 1
150 3
151 4
152 7
153 1
154 4
155 1
156 3
157 4
158 1
159 4
160 1
161 3
162 4
163 6
164 7
165 6
166 3
167 3
168 3
169 4
170 4
171 3
172 3
173 3
174 4
175 6
176 6
177 3
178 3
179 3
180 4
181 4
182 3
183 3
184 3
185 4
186 6
187 6
188 1
189 2
190 5
