problem_instance_file_name: queen13_13.col
cmd_line: mpirun -n 384 ./graph-coloring ../inputs/queen13_13.col 10800
solver_version: v1.0.1
number_of_vertices: 169
number_of_edges: 6656
time_limit_sec: 10800
number_of_worker_processes: 384
number_of_cores_per_worker: 2
wall_time_sec: 10800
is_within_time_limit: false
number_of_colors: 15
0 1
1 2
2 3
3 4
4 5
5 6
6 7
7 8
8 9
9 10
10 11
11 12
12 13
13 10
14 4
15 12
16 13
17 7
18 11
19 3
20 1
21 2
22 5
23 6
24 8
25 9
26 11
27 8
28 2
29 5
30 9
31 1
32 10
33 12
34 13
35 7
36 3
37 4
38 6
39 7
40 10
41 1
42 3
43 6
44 8
45 9
46 2
47 4
48 12
49 5
50 13
51 11
52 8
53 9
54 5
55 7
56 11
57 3
58 4
59 10
60 1
61 13
62 2
63 6
64 12
65 12
66 1
67 13
68 2
69 4
70 7
71 11
72 6
73 14
74 3
75 15
76 9
77 10
78 4
79 15
80 14
81 6
82 12
83 13
84 5
85 7
86 11
87 2
88 8
89 1
90 3
91 14
92 3
93 11
94 15
95 8
96 4
97 6
98 9
99 10
100 1
101 13
102 7
103 2
104 5
105 7
106 8
107 1
108 2
109 12
110 14
111 3
112 6
113 9
114 10
115 15
116 4
117 13
118 6
119 9
120 11
121 3
122 10
123 1
124 15
125 12
126 14
127 4
128 2
129 5
130 3
131 5
132 7
133 10
134 1
135 9
136 13
137 4
138 8
139 11
140 12
141 14
142 15
143 2
144 14
145 15
146 12
147 13
148 5
149 8
150 11
151 3
152 6
153 9
154 10
155 1
156 9
157 11
158 4
159 14
160 10
161 2
162 12
163 13
164 7
165 15
166 1
167 5
168 8
