problem_instance_file_name: queen14_14.col
cmd_line: mpirun -n 384 ./graph-coloring ../inputs/queen14_14.col 10800
solver_version: v1.0.1
number_of_vertices: 196
number_of_edges: 8372
time_limit_sec: 10800
number_of_worker_processes: 384
number_of_cores_per_worker: 2
wall_time_sec: 10800
is_within_time_limit: false
number_of_colors: 17
0 1
1 2
2 3
3 4
4 5
5 6
6 7
7 8
8 9
9 10
10 11
11 12
12 13
13 14
14 10
15 6
16 1
17 9
18 12
19 8
20 13
21 14
22 11
23 5
24 2
25 3
26 4
27 7
28 12
29 13
30 14
31 3
32 4
33 9
34 1
35 2
36 6
37 7
38 8
39 5
40 10
41 11
42 8
43 4
44 7
45 10
46 6
47 12
48 3
49 9
50 5
51 2
52 1
53 11
54 14
55 13
56 3
57 9
58 6
59 5
60 7
61 13
62 2
63 10
64 14
65 11
66 12
67 4
68 1
69 8
70 13
71 12
72 10
73 2
74 1
75 3
76 11
77 5
78 8
79 4
80 7
81 9
82 6
83 15
84 17
85 11
86 8
87 12
88 14
89 4
90 9
91 7
92 1
93 6
94 3
95 16
96 5
97 2
98 2
99 16
100 17
101 7
102 3
103 1
104 12
105 13
106 10
107 14
108 5
109 6
110 8
111 4
112 5
113 7
114 15
115 1
116 16
117 2
118 8
119 3
120 4
121 12
122 10
123 14
124 17
125 9
126 6
127 1
128 9
129 11
130 10
131 14
132 5
133 15
134 17
135 8
136 4
137 13
138 2
139 12
140 4
141 14
142 12
143 6
144 2
145 15
146 10
147 11
148 13
149 9
150 16
151 8
152 7
153 1
154 16
155 10
156 13
157 15
158 8
159 5
160 4
161 1
162 7
163 3
164 14
165 2
166 9
167 6
168 7
169 3
170 5
171 16
172 11
173 10
174 14
175 6
176 2
177 1
178 9
179 15
180 12
181 17
182 9
183 17
184 2
185 8
186 15
187 7
188 16
189 12
190 3
191 13
192 6
193 10
194 11
195 5
