problem_instance_file_name: queen10_10.col
cmd_line: mpirun -n 384 ./graph-coloring ../inputs/queen10_10.col 10800
solver_version: v1.0.1
number_of_vertices: 100
number_of_edges: 2940
time_limit_sec: 10800
number_of_worker_processes: 384
number_of_cores_per_worker: 2
wall_time_sec: 10800
is_within_time_limit: false
number_of_colors: 11
0 1
1 2
2 3
3 4
4 5
5 6
6 7
7 8
8 9
9 10
10 8
11 10
12 5
13 2
14 3
15 4
16 11
17 1
18 6
19 7
20 6
21 7
22 8
23 9
24 10
25 5
26 2
27 3
28 4
29 1
30 3
31 9
32 2
33 6
34 4
35 11
36 1
37 10
38 7
39 8
40 10
41 4
42 11
43 1
44 7
45 8
46 9
47 2
48 3
49 5
50 5
51 1
52 10
53 3
54 9
55 2
56 6
57 4
58 8
59 11
60 2
61 3
62 6
63 7
64 8
65 10
66 5
67 11
68 1
69 9
70 7
71 8
72 4
73 5
74 11
75 1
76 3
77 9
78 10
79 6
80 4
81 5
82 1
83 8
84 2
85 9
86 10
87 6
88 11
89 3
90 11
91 6
92 9
93 10
94 1
95 3
96 8
97 7
98 5
99 4
