problem_instance_file_name: queen9_9.col
cmd_line: mpirun -n 256 ./graph-coloring ../inputs/g.col 10800
solver_version: v1.0.1
number_of_vertices: 81
number_of_edges: 2112
time_limit_sec: 10800
number_of_worker_processes: 256
number_of_cores_per_worker: 2
wall_time_sec: 10801
is_within_time_limit: false
number_of_colors: 10
0 1
1 2
2 3
3 4
4 5
5 6
6 7
7 8
8 9
9 7
10 8
11 6
12 10
13 2
14 1
15 4
16 3
17 5
18 5
19 3
20 2
21 7
22 4
23 9
24 6
25 10
26 1
27 10
28 4
29 9
30 3
31 1
32 5
33 8
34 7
35 2
36 9
37 1
38 10
39 5
40 7
41 3
42 2
43 6
44 4
45 3
46 5
47 7
48 8
49 6
50 4
51 9
52 1
53 10
54 8
55 6
56 1
57 2
58 9
59 10
60 5
61 4
62 7
63 2
64 10
65 4
66 6
67 3
68 7
69 1
70 9
71 8
72 4
73 7
74 5
75 1
76 10
77 8
78 3
79 2
80 6
