problem_instance_file_name: queen11_11.col
cmd_line: mpirun -n 384 ./graph-coloring ../inputs/queen11_11.col 10800
solver_version: v1.0.1
number_of_vertices: 121
number_of_edges: 3960
time_limit_sec: 10800
number_of_worker_processes: 384
number_of_cores_per_worker: 2
wall_time_sec: 10800
is_within_time_limit: false
number_of_colors: 13
0 1
1 2
2 3
3 4
4 5
5 6
6 7
7 8
8 9
9 10
10 11
11 10
12 8
13 6
14 11
15 2
16 1
17 9
18 3
19 4
20 5
21 7
22 9
23 11
24 2
25 5
26 8
27 7
28 10
29 1
30 6
31 3
32 4
33 5
34 7
35 8
36 3
37 11
38 2
39 6
40 4
41 10
42 9
43 1
44 12
45 9
46 4
47 2
48 6
49 3
50 1
51 11
52 8
53 13
54 5
55 3
56 10
57 13
58 1
59 7
60 9
61 8
62 12
63 5
64 11
65 2
66 2
67 1
68 11
69 8
70 10
71 4
72 5
73 9
74 7
75 12
76 3
77 4
78 13
79 9
80 7
81 12
82 11
83 3
84 10
85 1
86 6
87 8
88 7
89 5
90 12
91 13
92 1
93 10
94 2
95 6
96 11
97 4
98 9
99 13
100 3
101 1
102 6
103 4
104 8
105 11
106 5
107 12
108 7
109 10
110 8
111 6
112 10
113 12
114 9
115 5
116 4
117 2
118 3
119 1
120 13
