problem_instance_file_name: queen12_12.col
cmd_line: mpirun -n 384 ./graph-coloring ../inputs/queen12_12.col 10800
solver_version: v1.0.1
number_of_vertices: 144
number_of_edges: 5192
time_limit_sec: 10800
number_of_worker_processes: 384
number_of_cores_per_worker: 2
wall_time_sec: 10800
is_within_time_limit: false
number_of_colors: 14
0 1
1 2
2 3
3 4
4 5
5 6
6 7
7 8
8 9
9 10
10 11
11 12
12 6
13 4
14 5
15 11
16 9
17 8
18 10
19 12
20 2
21 7
22 1
23 3
24 11
25 12
26 10
27 1
28 2
29 5
30 3
31 4
32 6
33 9
34 8
35 7
36 9
37 3
38 7
39 6
40 11
41 1
42 12
43 2
44 8
45 4
46 10
47 5
48 13
49 11
50 1
51 2
52 7
53 9
54 5
55 6
56 10
57 12
58 3
59 14
60 8
61 14
62 12
63 5
64 1
65 3
66 4
67 13
68 11
69 6
70 9
71 2
72 5
73 9
74 8
75 13
76 4
77 10
78 2
79 3
80 14
81 1
82 7
83 11
84 4
85 13
86 6
87 10
88 14
89 12
90 9
91 11
92 7
93 8
94 2
95 1
96 14
97 7
98 9
99 3
100 6
101 2
102 8
103 5
104 12
105 13
106 4
107 10
108 3
109 8
110 2
111 14
112 13
113 7
114 6
115 10
116 4
117 5
118 12
119 9
120 12
121 5
122 11
123 8
124 10
125 4
126 1
127 7
128 13
129 3
130 14
131 6
132 7
133 1
134 4
135 12
136 3
137 11
138 14
139 9
140 5
141 2
142 13
143 8
