problem_instance_file_name: queen16_16.col
cmd_line: mpirun -n 512 ./graph-coloring ../inputs/queen16_16.col 3600
solver_version: v1.0.1
number_of_vertices: 256
number_of_edges: 12640
time_limit_sec: 3600
number_of_worker_processes: 512
number_of_cores_per_worker: 2
wall_time_sec: 3600
is_within_time_limit: false
number_of_colors: 19
0 1
1 2
2 3
3 4
4 5
5 6
6 7
7 8
8 9
9 10
10 11
11 12
12 13
13 14
14 15
15 16
16 9
17 5
18 10
19 13
20 14
21 15
22 3
23 1
24 11
25 12
26 16
27 2
28 4
29 6
30 7
31 8
32 14
33 15
34 11
35 1
36 2
37 5
38 13
39 16
40 8
41 4
42 6
43 7
44 9
45 3
46 10
47 12
48 8
49 6
50 4
51 10
52 15
53 11
54 1
55 3
56 2
57 5
58 9
59 13
60 14
61 12
62 16
63 7
64 2
65 12
66 8
67 14
68 4
69 9
70 10
71 11
72 7
73 1
74 3
75 5
76 15
77 13
78 6
79 17
80 15
81 17
82 2
83 12
84 6
85 7
86 5
87 14
88 13
89 8
90 10
91 16
92 1
93 4
94 9
95 3
96 11
97 10
98 14
99 7
100 13
101 3
102 16
103 6
104 12
105 15
106 1
107 9
108 17
109 2
110 5
111 4
112 6
113 16
114 12
115 15
116 9
117 17
118 8
119 2
120 4
121 18
122 7
123 10
124 5
125 11
126 3
127 1
128 7
129 13
130 1
131 17
132 11
133 10
134 4
135 12
136 6
137 3
138 5
139 18
140 16
141 8
142 2
143 15
144 4
145 14
146 15
147 3
148 16
149 1
150 18
151 7
152 5
153 13
154 8
155 19
156 6
157 9
158 11
159 10
160 5
161 1
162 18
163 2
164 10
165 19
166 9
167 17
168 3
169 11
170 15
171 14
172 7
173 16
174 12
175 13
176 10
177 4
178 19
179 5
180 17
181 13
182 11
183 18
184 15
185 9
186 2
187 3
188 12
189 1
190 8
191 14
192 12
193 11
194 16
195 6
196 3
197 14
198 15
199 13
200 10
201 19
202 18
203 17
204 8
205 7
206 4
207 2
208 3
209 7
210 9
211 11
212 18
213 8
214 12
215 4
216 1
217 16
218 14
219 15
220 19
221 17
222 13
223 6
224 18
225 8
226 5
227 19
228 12
229 16
230 6
231 9
232 17
233 7
234 13
235 1
236 2
237 10
238 14
239 11
240 13
241 19
242 6
243 16
244 7
245 2
246 17
247 10
248 18
249 14
250 4
251 8
252 3
253 5
254 1
255 9
