problem_instance_file_name: queen15_15.col
cmd_line: mpirun -n 384 ./graph-coloring ../inputs/queen15_15.col 10800
solver_version: v1.0.1
number_of_vertices: 225
number_of_edges: 10360
time_limit_sec: 10800
number_of_worker_processes: 384
number_of_cores_per_worker: 2
wall_time_sec: 10800
is_within_time_limit: false
number_of_colors: 18
0 1
1 2
2 3
3 4
4 5
5 6
6 7
7 8
8 9
9 10
10 11
11 12
12 13
13 14
14 15
15 13
16 10
17 15
18 1
19 2
20 3
21 4
22 5
23 11
24 12
25 14
26 6
27 7
28 8
29 9
30 9
31 7
32 11
33 12
34 13
35 14
36 15
37 1
38 4
39 5
40 2
41 8
42 3
43 6
44 10
45 11
46 12
47 4
48 5
49 3
50 2
51 6
52 10
53 8
54 14
55 15
56 7
57 1
58 9
59 13
60 8
61 14
62 2
63 9
64 7
65 4
66 5
67 13
68 1
69 3
70 6
71 10
72 15
73 11
74 12
75 3
76 6
77 1
78 10
79 12
80 8
81 9
82 11
83 5
84 2
85 7
86 13
87 4
88 16
89 17
90 4
91 13
92 12
93 15
94 14
95 1
96 3
97 6
98 10
99 11
100 8
101 9
102 2
103 7
104 5
105 16
106 1
107 17
108 3
109 4
110 15
111 2
112 9
113 13
114 6
115 12
116 11
117 5
118 10
119 14
120 6
121 8
122 9
123 11
124 18
125 16
126 1
127 14
128 2
129 7
130 4
131 15
132 12
133 13
134 3
135 5
136 15
137 6
138 7
139 9
140 17
141 8
142 16
143 18
144 13
145 1
146 14
147 10
148 4
149 2
150 7
151 17
152 10
153 13
154 11
155 12
156 14
157 2
158 3
159 8
160 16
161 5
162 9
163 1
164 6
165 2
166 9
167 18
168 14
169 15
170 5
171 16
172 7
173 6
174 4
175 3
176 17
177 11
178 12
179 8
180 12
181 11
182 13
183 2
184 1
185 10
186 18
187 4
188 15
189 9
190 5
191 16
192 14
193 17
194 7
195 10
196 4
197 5
198 17
199 8
200 9
201 11
202 3
203 7
204 1
205 13
206 18
207 6
208 15
209 16
210 18
211 16
212 7
213 6
214 10
215 13
216 17
217 12
218 14
219 15
220 9
221 3
222 8
223 5
224 4
