problem_instance_file_name: school1.col
cmd_line: mpirun -n 384 ./graph-coloring ../inputs/school1.col 10800
solver_version: v1.0.1
number_of_vertices: 385
number_of_edges: 19095
time_limit_sec: 10800
number_of_worker_processes: 384
number_of_cores_per_worker: 2
wall_time_sec: 10800
is_within_time_limit: false
number_of_colors: 14
0 1
1 2
2 2
3 13
4 14
5 9
6 7
7 1
8 11
9 3
10 8
11 5
12 10
13 6
14 1
15 4
16 11
17 2
18 3
19 4
20 11
21 10
22 7
23 13
24 14
25 1
26 10
27 2
28 6
29 1
30 11
31 4
32 7
33 5
34 2
35 3
36 13
37 4
38 11
39 1
40 14
41 8
42 5
43 14
44 14
45 7
46 6
47 1
48 14
49 2
50 6
51 1
52 4
53 11
54 8
55 12
56 1
57 3
58 8
59 10
60 13
61 4
62 11
63 7
64 12
65 9
66 5
67 6
68 1
69 5
70 6
71 7
72 12
73 9
74 3
75 8
76 10
77 13
78 4
79 3
80 8
81 10
82 13
83 4
84 3
85 4
86 5
87 6
88 7
89 12
90 9
91 5
92 6
93 7
94 12
95 9
96 13
97 4
98 12
99 11
100 3
101 8
102 10
103 0
104 1
105 2
106 14
107 8
108 10
109 12
110 9
111 3
112 7
113 5
114 13
115 5
116 13
117 5
118 13
119 2
120 3
121 8
122 13
123 9
124 12
125 5
126 1
127 14
128 11
129 4
130 6
131 4
132 6
133 4
134 6
135 0
136 0
137 0
138 6
139 5
140 9
141 6
142 14
143 7
144 12
145 2
146 3
147 11
148 8
149 5
150 4
151 9
152 8
153 4
154 11
155 11
156 5
157 6
158 1
159 12
160 14
161 3
162 8
163 10
164 5
165 3
166 2
167 1
168 13
169 4
170 11
171 6
172 1
173 14
174 7
175 4
176 2
177 7
178 12
179 13
180 8
181 5
182 9
183 12
184 2
185 10
186 5
187 1
188 6
189 5
190 7
191 11
192 2
193 1
194 11
195 2
196 1
197 2
198 2
199 14
200 7
201 14
202 4
203 3
204 8
205 7
206 12
207 6
208 1
209 14
210 7
211 8
212 10
213 1
214 12
215 4
216 13
217 8
218 10
219 13
220 9
221 5
222 6
223 13
224 4
225 10
226 12
227 3
228 1
229 9
230 3
231 7
232 10
233 9
234 1
235 2
236 1
237 11
238 1
239 11
240 2
241 8
242 11
243 2
244 3
245 10
246 5
247 6
248 1
249 9
250 13
251 4
252 11
253 14
254 12
255 2
256 8
257 10
258 14
259 12
260 9
261 6
262 1
263 4
264 11
265 2
266 5
267 10
268 6
269 1
270 5
271 14
272 12
273 9
274 13
275 4
276 13
277 14
278 12
279 9
280 13
281 4
282 11
283 0
284 0
285 2
286 8
287 10
288 5
289 6
290 3
291 6
292 4
293 2
294 10
295 8
296 1
297 14
298 12
299 13
300 11
301 2
302 3
303 1
304 9
305 11
306 10
307 6
308 5
309 14
310 7
311 12
312 2
313 3
314 0
315 0
316 12
317 5
318 1
319 14
320 7
321 8
322 2
323 3
324 13
325 9
326 2
327 13
328 9
329 5
330 2
331 14
332 7
333 12
334 14
335 7
336 12
337 4
338 2
339 13
340 3
341 8
342 10
343 3
344 8
345 10
346 2
347 3
348 8
349 14
350 9
351 7
352 3
353 8
354 10
355 5
356 6
357 7
358 12
359 9
360 13
361 4
362 11
363 2
364 3
365 8
366 5
367 6
368 1
369 14
370 7
371 12
372 13
373 4
374 11
375 10
376 10
377 1
378 3
379 5
380 6
381 7
382 8
383 9
384 9
