problem_instance_file_name: school1_nsh.col
cmd_line: mpirun -n 512 ./graph-coloring ../inputs/school1_nsh.col 3600
solver_version: v1.0.1
number_of_vertices: 352
number_of_edges: 14612
time_limit_sec: 3600
number_of_worker_processes: 512
number_of_cores_per_worker: 2
wall_time_sec: 3600
is_within_time_limit: false
number_of_colors: 14
0 1
1 2
2 5
3 11
4 13
5 9
6 6
7 1
8 7
9 3
10 2
11 4
12 7
13 12
14 1
15 14
16 7
17 5
18 3
19 14
20 7
21 10
22 6
23 11
24 13
25 1
26 10
27 5
28 12
29 1
30 7
31 14
32 6
33 4
34 5
35 3
36 11
37 14
38 7
39 1
40 13
41 2
42 4
43 3
44 13
45 6
46 12
47 1
48 13
49 5
50 12
51 1
52 14
53 7
54 2
55 8
56 1
57 3
58 2
59 10
60 11
61 14
62 7
63 6
64 8
65 9
66 4
67 12
68 1
69 4
70 12
71 6
72 8
73 9
74 3
75 2
76 10
77 11
78 14
79 3
80 2
81 10
82 11
83 14
84 3
85 4
86 4
87 12
88 6
89 8
90 9
91 4
92 12
93 6
94 8
95 9
96 11
97 14
98 8
99 7
100 3
101 2
102 10
103 0
104 1
105 5
106 13
107 2
108 10
109 8
110 9
111 3
112 6
113 4
114 11
115 1
116 11
117 4
118 11
119 5
120 3
121 2
122 11
123 9
124 8
125 4
126 1
127 13
128 7
129 12
130 14
131 12
132 14
133 12
134 14
135 0
136 0
137 0
138 12
139 10
140 7
141 12
142 13
143 6
144 8
145 5
146 3
147 7
148 2
149 4
150 14
151 9
152 2
153 14
154 7
155 7
156 4
157 12
158 1
159 8
160 13
161 3
162 2
163 10
164 4
165 3
166 5
167 1
168 11
169 14
170 7
171 12
172 1
173 13
174 6
175 10
176 5
177 6
178 8
179 11
180 2
181 4
182 9
183 8
184 1
185 4
186 1
187 2
188 12
189 4
190 6
191 7
192 1
193 2
194 9
195 5
196 1
197 5
198 5
199 13
200 6
201 13
202 14
203 3
204 2
205 6
206 8
207 12
208 1
209 13
210 6
211 2
212 10
213 1
214 8
215 14
216 11
217 2
218 10
219 11
220 9
221 4
222 12
223 11
224 14
225 10
226 8
227 3
228 1
229 9
230 3
231 6
232 10
233 9
234 1
235 2
236 1
237 7
238 1
239 7
240 2
241 2
242 7
243 5
244 3
245 10
246 4
247 12
248 1
249 9
250 11
251 14
252 7
253 13
254 8
255 5
256 2
257 10
258 13
259 8
260 9
261 12
262 1
263 14
264 7
265 5
266 4
267 10
268 12
269 1
270 4
271 13
272 8
273 9
274 11
275 14
276 11
277 13
278 8
279 9
280 11
281 14
282 7
283 0
284 0
285 5
286 2
287 10
288 4
289 12
290 3
291 12
292 14
293 5
294 10
295 2
296 1
297 13
298 8
299 11
300 7
301 5
302 3
303 1
304 9
305 7
306 10
307 12
308 2
309 13
310 6
311 8
312 2
313 3
314 0
315 0
316 8
317 4
318 1
319 13
320 6
321 2
322 5
323 3
324 11
325 9
326 5
327 11
328 9
329 4
330 5
331 13
332 6
333 8
334 13
335 6
336 8
337 14
338 5
339 11
340 3
341 2
342 10
343 3
344 2
345 10
346 5
347 3
348 2
349 13
350 9
351 6
