problem_instance_file_name: anna.col
cmd_line: mpirun -n 384 ./graph-coloring ../inputs/anna.col 10800
solver_version: v1.0.1
number_of_vertices: 138
number_of_edges: 986
time_limit_sec: 10800
number_of_worker_processes: 384
number_of_cores_per_worker: 2
wall_time_sec: 2
is_within_time_limit: true
number_of_colors: 11
0 1
1 1
2 1
3 1
4 3
5 4
6 4
7 1
8 2
9 1
10 1
11 1
12 1
13 1
14 1
15 3
16 1
17 5
18 3
19 9
20 6
21 1
22 1
23 1
24 1
25 1
26 2
27 4
28 2
29 1
30 1
31 2
32 6
33 3
34 1
35 2
36 1
37 1
38 1
39 1
40 1
41 1
42 1
43 1
44 3
45 3
46 2
47 1
48 1
49 1
50 3
51 3
52 2
53 2
54 2
55 1
56 4
57 3
58 6
59 1
60 2
61 2
62 1
63 7
64 1
65 1
66 1
67 2
68 2
69 1
70 1
71 3
72 6
73 7
74 1
75 7
76 5
77 2
78 1
79 1
80 10
81 1
82 4
83 1
84 4
85 1
86 1
87 1
88 9
89 2
90 11
91 1
92 1
93 5
94 4
95 2
96 2
97 2
98 6
99 1
100 7
101 2
102 3
103 3
104 1
105 1
106 1
107 6
108 1
109 2
110 1
111 2
112 1
113 1
114 5
115 9
116 2
117 3
118 1
119 5
120 1
121 2
122 3
123 1
124 1
125 2
126 4
127 1
128 1
129 4
130 2
131 2
132 4
133 3
134 3
135 8
136 3
137 1
