problem_instance_file_name: david.col
cmd_line: mpirun -n 256 ./graph-coloring ../inputs/david.col 10800
solver_version: v1.0.1
number_of_vertices: 87
number_of_edges: 812
time_limit_sec: 10800
number_of_worker_processes: 256
number_of_cores_per_worker: 2
wall_time_sec: 1
is_within_time_limit: true
number_of_colors: 11
0 1
1 3
2 3
3 2
4 2
5 1
6 5
7 3
8 2
9 1
10 1
11 5
12 1
13 3
14 2
15 1
16 2
17 4
18 4
19 4
20 1
21 4
22 6
23 2
24 1
25 1
26 5
27 2
28 4
29 2
30 1
31 8
32 2
33 9
34 2
35 1
36 3
37 1
38 1
39 5
40 1
41 2
42 8
43 2
44 5
45 10
46 2
47 1
48 1
49 8
50 1
51 2
52 6
53 1
54 11
55 1
56 1
57 6
58 3
59 2
60 3
61 1
62 3
63 1
64 1
65 5
66 8
67 6
68 3
69 1
70 2
71 5
72 9
73 6
74 1
75 4
76 5
77 1
78 6
79 1
80 9
81 1
82 7
83 10
84 3
85 1
86 1
