problem_instance_file_name: fpsol2.i.3.col
cmd_line: mpirun -n 512 ./graph-coloring ../inputs/fpsol2.i.3.col 3600
solver_version: v1.0.1
number_of_vertices: 425
number_of_edges: 8688
time_limit_sec: 3600
number_of_worker_processes: 512
number_of_cores_per_worker: 2
wall_time_sec: 10
is_within_time_limit: true
number_of_colors: 30
0 1
1 2
2 3
3 4
4 5
5 6
6 7
7 8
8 9
9 10
10 11
11 12
12 13
13 14
14 15
15 16
16 1
17 17
18 16
19 15
20 14
21 13
22 12
23 11
24 10
25 9
26 2
27 4
28 5
29 6
30 7
31 8
32 3
33 0
34 0
35 0
36 0
37 3
38 0
39 0
40 0
41 0
42 18
43 18
44 19
45 0
46 0
47 0
48 0
49 17
50 0
51 19
52 0
53 0
54 0
55 18
56 20
57 18
58 18
59 19
60 20
61 20
62 26
63 18
64 18
65 20
66 20
67 19
68 23
69 3
70 3
71 3
72 3
73 3
74 3
75 3
76 3
77 18
78 19
79 20
80 21
81 22
82 23
83 24
84 25
85 26
86 3
87 3
88 21
89 0
90 18
91 18
92 19
93 19
94 22
95 18
96 18
97 19
98 20
99 23
100 18
101 20
102 25
103 24
104 18
105 0
106 0
107 20
108 26
109 25
110 25
111 27
112 26
113 27
114 20
115 20
116 20
117 0
118 0
119 20
120 27
121 0
122 28
123 29
124 27
125 17
126 0
127 30
128 18
129 19
130 18
131 18
132 19
133 18
134 18
135 18
136 19
137 18
138 23
139 0
140 18
141 18
142 18
143 20
144 18
145 18
146 18
147 20
148 18
149 18
150 0
151 18
152 18
153 20
154 18
155 18
156 18
157 0
158 20
159 20
160 24
161 20
162 26
163 25
164 20
165 0
166 0
167 20
168 0
169 20
170 20
171 20
172 29
173 20
174 24
175 25
176 26
177 26
178 26
179 25
180 26
181 20
182 24
183 27
184 25
185 26
186 20
187 24
188 28
189 25
190 28
191 28
192 29
193 20
194 29
195 24
196 29
197 29
198 0
199 30
200 28
201 17
202 27
203 28
204 27
205 17
206 17
207 0
208 30
209 20
210 27
211 26
212 20
213 27
214 28
215 20
216 26
217 20
218 27
219 28
220 29
221 27
222 29
223 28
224 29
225 29
226 0
227 17
228 27
229 17
230 27
231 17
232 0
233 30
234 18
235 3
236 3
237 0
238 0
239 18
240 18
241 18
242 19
243 3
244 18
245 3
246 18
247 3
248 18
249 19
250 20
251 21
252 22
253 23
254 24
255 18
256 20
257 22
258 18
259 20
260 23
261 18
262 24
263 0
264 20
265 25
266 25
267 0
268 20
269 0
270 26
271 17
272 17
273 0
274 27
275 18
276 20
277 20
278 18
279 18
280 20
281 23
282 24
283 24
284 20
285 18
286 18
287 18
288 18
289 18
290 20
291 18
292 18
293 18
294 18
295 20
296 23
297 20
298 20
299 18
300 18
301 18
302 20
303 18
304 18
305 18
306 20
307 18
308 18
309 0
310 18
311 0
312 23
313 25
314 26
315 23
316 25
317 19
318 25
319 3
320 3
321 0
322 0
323 0
324 23
325 0
326 23
327 23
328 25
329 25
330 25
331 26
332 25
333 26
334 27
335 26
336 27
337 27
338 0
339 17
340 27
341 17
342 0
343 28
344 19
345 19
346 19
347 25
348 25
349 19
350 27
351 19
352 28
353 26
354 28
355 28
356 29
357 29
358 0
359 30
360 0
361 0
362 30
363 27
364 0
365 28
366 0
367 18
368 20
369 23
370 25
371 18
372 20
373 25
374 0
375 26
376 27
377 20
378 20
379 0
380 20
381 28
382 27
383 28
384 28
385 0
386 17
387 0
388 29
389 18
390 18
391 18
392 18
393 20
394 18
395 23
396 23
397 24
398 0
399 25
400 24
401 17
402 27
403 17
404 0
405 26
406 18
407 18
408 18
409 18
410 20
411 18
412 23
413 23
414 0
415 24
416 17
417 0
418 25
419 18
420 18
421 0
422 18
423 0
424 18
