problem_instance_file_name: fpsol2.i.2.col
cmd_line: mpirun -n 512 ./graph-coloring ../inputs/fpsol2.i.2.col 3600
solver_version: v1.0.1
number_of_vertices: 451
number_of_edges: 8691
time_limit_sec: 3600
number_of_worker_processes: 512
number_of_cores_per_worker: 2
wall_time_sec: 12
is_within_time_limit: true
number_of_colors: 30
0 1
1 2
2 3
3 4
4 5
5 6
6 7
7 8
8 9
9 10
10 11
11 12
12 13
13 14
14 15
15 16
16 1
17 17
18 16
19 15
20 14
21 13
22 12
23 11
24 10
25 9
26 2
27 4
28 5
29 6
30 7
31 8
32 3
33 0
34 0
35 0
36 0
37 3
38 0
39 0
40 0
41 0
42 18
43 18
44 19
45 0
46 0
47 0
48 0
49 17
50 0
51 19
52 0
53 0
54 0
55 18
56 20
57 18
58 18
59 19
60 20
61 20
62 26
63 18
64 18
65 20
66 20
67 19
68 23
69 3
70 3
71 3
72 3
73 3
74 3
75 3
76 3
77 18
78 19
79 20
80 21
81 22
82 23
83 24
84 25
85 26
86 3
87 3
88 21
89 0
90 18
91 18
92 19
93 19
94 22
95 18
96 18
97 19
98 20
99 23
100 18
101 20
102 25
103 24
104 18
105 0
106 0
107 0
108 20
109 26
110 25
111 27
112 25
113 26
114 27
115 20
116 20
117 20
118 0
119 0
120 20
121 27
122 0
123 28
124 29
125 27
126 0
127 17
128 0
129 30
130 18
131 19
132 18
133 18
134 19
135 18
136 18
137 18
138 19
139 0
140 18
141 23
142 0
143 0
144 0
145 18
146 18
147 18
148 20
149 0
150 18
151 18
152 18
153 20
154 18
155 18
156 0
157 18
158 18
159 20
160 18
161 18
162 18
163 0
164 20
165 20
166 24
167 20
168 26
169 25
170 20
171 0
172 0
173 0
174 0
175 20
176 0
177 20
178 20
179 20
180 29
181 20
182 24
183 25
184 26
185 26
186 26
187 25
188 26
189 20
190 24
191 27
192 25
193 26
194 20
195 24
196 28
197 25
198 28
199 29
200 28
201 20
202 29
203 24
204 29
205 29
206 0
207 0
208 30
209 28
210 17
211 27
212 28
213 27
214 17
215 17
216 0
217 30
218 20
219 27
220 26
221 20
222 27
223 28
224 20
225 26
226 20
227 27
228 28
229 29
230 27
231 29
232 28
233 29
234 29
235 0
236 0
237 17
238 27
239 17
240 27
241 17
242 0
243 30
244 18
245 0
246 0
247 3
248 3
249 0
250 0
251 18
252 18
253 18
254 19
255 3
256 18
257 3
258 18
259 3
260 18
261 19
262 20
263 21
264 22
265 23
266 24
267 18
268 20
269 22
270 18
271 20
272 23
273 18
274 24
275 0
276 20
277 25
278 25
279 0
280 20
281 0
282 26
283 0
284 17
285 17
286 0
287 27
288 18
289 20
290 20
291 18
292 18
293 20
294 23
295 24
296 24
297 20
298 18
299 18
300 0
301 0
302 18
303 18
304 18
305 20
306 18
307 18
308 18
309 18
310 20
311 23
312 20
313 20
314 18
315 18
316 18
317 20
318 18
319 18
320 18
321 20
322 18
323 18
324 0
325 18
326 0
327 0
328 23
329 25
330 26
331 23
332 25
333 19
334 25
335 0
336 0
337 3
338 3
339 0
340 0
341 0
342 23
343 0
344 23
345 23
346 25
347 25
348 25
349 26
350 25
351 26
352 27
353 26
354 27
355 27
356 0
357 0
358 17
359 27
360 17
361 0
362 28
363 19
364 19
365 19
366 25
367 25
368 19
369 27
370 19
371 28
372 26
373 28
374 29
375 28
376 29
377 0
378 0
379 30
380 0
381 0
382 30
383 27
384 0
385 28
386 0
387 18
388 20
389 23
390 25
391 18
392 20
393 25
394 0
395 0
396 26
397 27
398 20
399 20
400 0
401 20
402 28
403 27
404 28
405 28
406 0
407 0
408 17
409 0
410 29
411 18
412 18
413 18
414 18
415 20
416 18
417 23
418 23
419 24
420 0
421 25
422 24
423 0
424 17
425 27
426 17
427 0
428 26
429 18
430 18
431 18
432 18
433 20
434 18
435 23
436 23
437 0
438 24
439 0
440 17
441 0
442 25
443 18
444 18
445 0
446 0
447 18
448 0
449 0
450 18
