problem_instance_file_name: fpsol2.i.1.col
cmd_line: mpirun -n 256 ./graph-coloring ../inputs/fpsol2.i.1.col 10800
solver_version: v1.0.1
number_of_vertices: 496
number_of_edges: 11654
time_limit_sec: 10800
number_of_worker_processes: 256
number_of_cores_per_worker: 2
wall_time_sec: 102
is_within_time_limit: true
number_of_colors: 65
0 1
1 2
2 3
3 4
4 5
5 6
6 7
7 8
8 9
9 10
10 11
11 12
12 13
13 14
14 15
15 16
16 1
17 18
18 19
19 20
20 17
21 16
22 15
23 14
24 13
25 12
26 2
27 7
28 8
29 9
30 10
31 11
32 21
33 0
34 0
35 0
36 0
37 21
38 0
39 0
40 0
41 0
42 22
43 24
44 23
45 26
46 24
47 0
48 0
49 22
50 0
51 0
52 0
53 0
54 25
55 0
56 0
57 0
58 26
59 0
60 0
61 27
62 27
63 17
64 0
65 28
66 23
67 0
68 0
69 0
70 0
71 0
72 0
73 29
74 0
75 22
76 28
77 24
78 22
79 23
80 24
81 28
82 30
83 22
84 24
85 26
86 28
87 23
88 30
89 3
90 4
91 5
92 6
93 31
94 32
95 33
96 34
97 18
98 19
99 20
100 21
101 22
102 23
103 24
104 25
105 26
106 35
107 36
108 0
109 37
110 0
111 0
112 38
113 39
114 0
115 40
116 41
117 0
118 42
119 43
120 44
121 45
122 46
123 47
124 48
125 0
126 0
127 0
128 25
129 26
130 0
131 22
132 0
133 0
134 0
135 24
136 30
137 27
138 0
139 0
140 29
141 0
142 0
143 0
144 24
145 0
146 49
147 0
148 30
149 49
150 50
151 0
152 0
153 0
154 0
155 24
156 0
157 0
158 51
159 52
160 53
161 0
162 17
163 0
164 0
165 54
166 0
167 49
168 0
169 22
170 50
171 22
172 0
173 0
174 0
175 0
176 0
177 0
178 0
179 0
180 0
181 51
182 52
183 0
184 22
185 0
186 0
187 0
188 22
189 22
190 0
191 0
192 0
193 0
194 0
195 0
196 22
197 0
198 0
199 30
200 53
201 0
202 54
203 30
204 0
205 0
206 0
207 0
208 0
209 0
210 0
211 0
212 30
213 55
214 0
215 28
216 0
217 55
218 53
219 54
220 30
221 30
222 54
223 30
224 56
225 55
226 0
227 53
228 0
229 54
230 0
231 30
232 0
233 56
234 0
235 57
236 0
237 54
238 55
239 56
240 57
241 58
242 0
243 27
244 17
245 17
246 0
247 27
248 29
249 27
250 17
251 17
252 0
253 0
254 59
255 0
256 0
257 28
258 56
259 0
260 55
261 28
262 56
263 57
264 28
265 0
266 55
267 0
268 28
269 0
270 56
271 0
272 57
273 0
274 56
275 57
276 58
277 0
278 17
279 27
280 17
281 27
282 17
283 0
284 0
285 59
286 0
287 0
288 0
289 0
290 0
291 0
292 0
293 0
294 0
295 24
296 25
297 0
298 22
299 0
300 0
301 26
302 27
303 0
304 28
305 0
306 0
307 26
308 0
309 29
310 0
311 0
312 26
313 0
314 30
315 0
316 17
317 17
318 0
319 0
320 42
321 0
322 0
323 0
324 51
325 0
326 52
327 24
328 53
329 0
330 24
331 0
332 54
333 0
334 0
335 55
336 0
337 56
338 57
339 24
340 0
341 0
342 24
343 24
344 0
345 0
346 0
347 0
348 0
349 0
350 24
351 0
352 0
353 0
354 24
355 0
356 0
357 24
358 0
359 58
360 0
361 0
362 0
363 59
364 0
365 30
366 0
367 60
368 0
369 0
370 0
371 0
372 0
373 0
374 0
375 0
376 0
377 0
378 30
379 59
380 0
381 0
382 59
383 60
384 0
385 59
386 0
387 60
388 0
389 60
390 61
391 0
392 17
393 27
394 17
395 0
396 0
397 62
398 0
399 0
400 23
401 23
402 0
403 61
404 23
405 0
406 62
407 0
408 23
409 0
410 59
411 63
412 64
413 0
414 65
415 0
416 0
417 0
418 0
419 0
420 65
421 0
422 27
423 0
424 0
425 27
426 0
427 0
428 0
429 0
430 30
431 0
432 28
433 24
434 0
435 28
436 0
437 58
438 0
439 0
440 59
441 0
442 60
443 0
444 28
445 0
446 0
447 0
448 28
449 0
450 60
451 61
452 0
453 17
454 0
455 0
456 62
457 0
458 24
459 26
460 0
461 26
462 26
463 0
464 27
465 0
466 26
467 0
468 26
469 28
470 30
471 0
472 17
473 27
474 17
475 0
476 0
477 51
478 0
479 22
480 0
481 23
482 23
483 27
484 0
485 23
486 0
487 27
488 0
489 27
490 28
491 0
492 17
493 0
494 0
495 30
