problem_instance_file_name: games120.col
cmd_line: mpirun -n 256 ./graph-coloring ../inputs/games120.col 10800
solver_version: v1.0.1
number_of_vertices: 120
number_of_edges: 1276
time_limit_sec: 10800
number_of_worker_processes: 256
number_of_cores_per_worker: 2
wall_time_sec: 3
is_within_time_limit: true
number_of_colors: 9
0 1
1 4
2 2
3 5
4 2
5 1
6 6
7 3
8 3
9 1
10 3
11 1
12 4
13 2
14 3
15 2
16 2
17 5
18 5
19 2
20 7
21 4
22 3
23 5
24 2
25 4
26 1
27 1
28 2
29 1
30 4
31 3
32 1
33 1
34 6
35 4
36 5
37 4
38 6
39 7
40 7
41 6
42 4
43 1
44 2
45 4
46 6
47 8
48 1
49 7
50 2
51 1
52 4
53 6
54 8
55 5
56 4
57 2
58 2
59 6
60 3
61 3
62 4
63 2
64 4
65 1
66 7
67 3
68 4
69 1
70 6
71 6
72 2
73 8
74 5
75 3
76 3
77 1
78 5
79 4
80 3
81 6
82 4
83 3
84 4
85 7
86 5
87 4
88 5
89 3
90 8
91 2
92 2
93 5
94 6
95 8
96 2
97 2
98 6
99 8
100 1
101 7
102 9
103 1
104 5
105 3
106 2
107 7
108 2
109 5
110 1
111 1
112 3
113 1
114 5
115 6
116 8
117 3
118 5
119 9
