problem_instance_file_name: huck.col
cmd_line: mpirun -n 256 ./graph-coloring ../inputs/huck.col 10800
solver_version: v1.0.1
number_of_vertices: 74
number_of_edges: 602
time_limit_sec: 10800
number_of_worker_processes: 256
number_of_cores_per_worker: 2
wall_time_sec: 3
is_within_time_limit: true
number_of_colors: 11
0 1
1 4
2 1
3 2
4 2
5 1
6 0
7 6
8 3
9 4
10 3
11 4
12 4
13 7
14 1
15 1
16 2
17 1
18 4
19 3
20 4
21 4
22 5
23 2
24 7
25 1
26 5
27 1
28 8
29 1
30 4
31 1
32 1
33 7
34 0
35 2
36 1
37 8
38 8
39 9
40 1
41 1
42 6
43 2
44 1
45 5
46 5
47 0
48 5
49 10
50 2
51 5
52 2
53 1
54 6
55 8
56 3
57 0
58 11
59 9
60 1
61 7
62 3
63 9
64 2
65 1
66 8
67 10
68 7
69 0
70 3
71 7
72 7
73 5
