problem_instance_file_name: inithx.i.2.col
cmd_line: mpirun -n 512 ./graph-coloring ../inputs/inithx.i.2.col 3600
solver_version: v1.0.1
number_of_vertices: 645
number_of_edges: 13979
time_limit_sec: 3600
number_of_worker_processes: 512
number_of_cores_per_worker: 2
wall_time_sec: 30
is_within_time_limit: true
number_of_colors: 31
0 1
1 2
2 3
3 4
4 5
5 6
6 7
7 8
8 9
9 10
10 11
11 12
12 13
13 14
14 15
15 16
16 1
17 16
18 15
19 14
20 11
21 12
22 13
23 10
24 9
25 8
26 2
27 3
28 4
29 5
30 6
31 7
32 18
33 21
34 17
35 18
36 18
37 17
38 22
39 23
40 23
41 19
42 17
43 17
44 18
45 22
46 23
47 17
48 18
49 22
50 23
51 22
52 23
53 18
54 22
55 18
56 23
57 24
58 18
59 22
60 23
61 18
62 17
63 17
64 17
65 17
66 17
67 17
68 17
69 17
70 17
71 17
72 17
73 17
74 18
75 19
76 20
77 21
78 22
79 23
80 19
81 17
82 18
83 17
84 17
85 17
86 18
87 17
88 17
89 20
90 0
91 24
92 25
93 26
94 27
95 28
96 18
97 17
98 0
99 24
100 0
101 0
102 0
103 25
104 26
105 27
106 0
107 0
108 0
109 28
110 26
111 29
112 17
113 29
114 21
115 0
116 0
117 0
118 21
119 0
120 0
121 17
122 0
123 27
124 27
125 27
126 27
127 30
128 31
129 0
130 29
131 27
132 27
133 0
134 25
135 25
136 26
137 26
138 25
139 25
140 18
141 26
142 25
143 26
144 25
145 17
146 17
147 27
148 17
149 17
150 27
151 17
152 18
153 27
154 17
155 21
156 17
157 27
158 17
159 17
160 27
161 17
162 17
163 27
164 17
165 17
166 27
167 17
168 18
169 17
170 17
171 27
172 17
173 27
174 27
175 17
176 0
177 22
178 24
179 0
180 0
181 0
182 0
183 25
184 26
185 27
186 23
187 25
188 17
189 27
190 17
191 28
192 17
193 29
194 17
195 30
196 30
197 28
198 28
199 30
200 27
201 27
202 26
203 30
204 26
205 27
206 27
207 26
208 0
209 0
210 23
211 0
212 26
213 27
214 26
215 25
216 25
217 25
218 26
219 27
220 28
221 26
222 27
223 28
224 0
225 0
226 0
227 29
228 22
229 17
230 18
231 27
232 17
233 27
234 17
235 18
236 0
237 18
238 18
239 18
240 17
241 27
242 17
243 18
244 22
245 17
246 23
247 22
248 0
249 23
250 0
251 24
252 27
253 28
254 29
255 28
256 28
257 29
258 28
259 29
260 27
261 27
262 27
263 28
264 28
265 28
266 27
267 27
268 0
269 24
270 18
271 18
272 22
273 18
274 0
275 23
276 22
277 22
278 25
279 24
280 0
281 0
282 26
283 22
284 27
285 25
286 26
287 22
288 27
289 22
290 22
291 22
292 22
293 25
294 22
295 27
296 28
297 27
298 22
299 22
300 27
301 28
302 0
303 28
304 0
305 17
306 29
307 29
308 0
309 29
310 17
311 0
312 17
313 23
314 22
315 22
316 26
317 23
318 17
319 17
320 17
321 23
322 17
323 17
324 17
325 17
326 22
327 23
328 22
329 23
330 24
331 25
332 17
333 23
334 17
335 22
336 23
337 17
338 17
339 23
340 17
341 17
342 23
343 17
344 22
345 23
346 17
347 22
348 22
349 22
350 22
351 18
352 18
353 0
354 22
355 17
356 19
357 20
358 19
359 17
360 23
361 24
362 25
363 17
364 18
365 19
366 20
367 21
368 22
369 23
370 24
371 17
372 18
373 17
374 19
375 20
376 0
377 0
378 17
379 21
380 17
381 0
382 17
383 0
384 0
385 0
386 22
387 0
388 20
389 0
390 0
391 21
392 0
393 19
394 0
395 20
396 18
397 18
398 22
399 0
400 0
401 18
402 22
403 23
404 18
405 22
406 23
407 18
408 18
409 18
410 18
411 22
412 18
413 0
414 17
415 23
416 24
417 23
418 22
419 22
420 22
421 23
422 24
423 25
424 26
425 27
426 28
427 23
428 24
429 25
430 26
431 27
432 28
433 0
434 0
435 29
436 23
437 25
438 26
439 27
440 26
441 27
442 28
443 28
444 26
445 25
446 25
447 26
448 28
449 26
450 28
451 27
452 26
453 25
454 25
455 26
456 27
457 28
458 27
459 27
460 26
461 27
462 26
463 23
464 27
465 23
466 23
467 23
468 0
469 29
470 18
471 22
472 18
473 22
474 18
475 22
476 23
477 24
478 17
479 23
480 18
481 23
482 24
483 23
484 18
485 18
486 18
487 18
488 22
489 25
490 26
491 25
492 25
493 23
494 22
495 22
496 23
497 25
498 26
499 25
500 17
501 17
502 18
503 24
504 0
505 0
506 0
507 0
508 25
509 26
510 23
511 17
512 25
513 26
514 0
515 0
516 23
517 26
518 27
519 26
520 25
521 25
522 25
523 26
524 27
525 28
526 26
527 27
528 28
529 0
530 0
531 23
532 25
533 26
534 25
535 25
536 23
537 0
538 29
539 22
540 23
541 26
542 22
543 24
544 27
545 24
546 22
547 17
548 22
549 23
550 22
551 17
552 23
553 17
554 23
555 17
556 0
557 22
558 0
559 25
560 28
561 25
562 23
563 25
564 23
565 25
566 23
567 28
568 28
569 0
570 0
571 17
572 0
573 29
574 23
575 0
576 24
577 24
578 23
579 23
580 25
581 0
582 28
583 29
584 28
585 27
586 27
587 28
588 29
589 28
590 24
591 24
592 26
593 27
594 0
595 26
596 28
597 26
598 17
599 0
600 28
601 23
602 23
603 0
604 17
605 17
606 23
607 23
608 0
609 0
610 0
611 24
612 0
613 0
614 0
615 0
616 23
617 25
618 23
619 26
620 0
621 0
622 23
623 17
624 26
625 27
626 26
627 23
628 23
629 26
630 27
631 28
632 0
633 27
634 28
635 0
636 29
637 27
638 28
639 27
640 27
641 28
642 27
643 0
644 29
