problem_instance_file_name: inithx.i.1.col
cmd_line: mpirun -n 512 ./graph-coloring ../inputs/inithx.i.1.col 3600
solver_version: v1.0.1
number_of_vertices: 864
number_of_edges: 18707
time_limit_sec: 3600
number_of_worker_processes: 512
number_of_cores_per_worker: 2
wall_time_sec: 87
is_within_time_limit: true
number_of_colors: 54
0 1
1 2
2 3
3 4
4 5
5 6
6 7
7 8
8 9
9 10
10 11
11 12
12 13
13 14
14 15
15 16
16 1
17 17
18 16
19 15
20 14
21 13
22 12
23 11
24 10
25 9
26 2
27 3
28 5
29 6
30 7
31 8
32 18
33 19
34 0
35 19
36 18
37 23
38 17
39 19
40 18
41 24
42 38
43 39
44 41
45 39
46 21
47 21
48 18
49 23
50 18
51 20
52 21
53 22
54 23
55 24
56 18
57 39
58 40
59 39
60 40
61 39
62 41
63 42
64 43
65 41
66 41
67 23
68 24
69 35
70 24
71 35
72 4
73 25
74 26
75 27
76 28
77 29
78 30
79 31
80 18
81 19
82 20
83 21
84 22
85 23
86 24
87 25
88 26
89 32
90 27
91 0
92 0
93 0
94 33
95 19
96 0
97 18
98 19
99 19
100 0
101 34
102 19
103 0
104 35
105 19
106 0
107 36
108 37
109 0
110 0
111 28
112 29
113 0
114 30
115 31
116 30
117 0
118 19
119 0
120 20
121 0
122 0
123 0
124 0
125 0
126 0
127 0
128 0
129 38
130 0
131 39
132 40
133 41
134 0
135 0
136 42
137 0
138 17
139 0
140 31
141 32
142 31
143 0
144 19
145 0
146 0
147 0
148 0
149 0
150 0
151 19
152 0
153 0
154 0
155 0
156 0
157 0
158 33
159 0
160 0
161 32
162 32
163 0
164 32
165 32
166 0
167 34
168 0
169 35
170 0
171 0
172 43
173 32
174 32
175 0
176 0
177 0
178 0
179 29
180 0
181 29
182 30
183 0
184 30
185 29
186 29
187 18
188 0
189 30
190 29
191 30
192 29
193 0
194 0
195 17
196 17
197 0
198 31
199 17
200 17
201 31
202 0
203 17
204 18
205 0
206 31
207 17
208 20
209 17
210 0
211 31
212 0
213 17
214 17
215 0
216 31
217 0
218 17
219 17
220 0
221 31
222 0
223 17
224 17
225 0
226 31
227 0
228 17
229 18
230 0
231 17
232 17
233 31
234 0
235 17
236 0
237 21
238 31
239 31
240 17
241 38
242 0
243 0
244 19
245 0
246 0
247 0
248 0
249 0
250 41
251 0
252 42
253 43
254 44
255 45
256 46
257 47
258 0
259 0
260 40
261 48
262 0
263 17
264 0
265 31
266 17
267 32
268 0
269 17
270 33
271 17
272 0
273 34
274 0
275 34
276 32
277 32
278 0
279 34
280 0
281 31
282 31
283 0
284 49
285 0
286 34
287 31
288 0
289 31
290 0
291 49
292 0
293 0
294 0
295 0
296 40
297 0
298 0
299 0
300 0
301 49
302 0
303 50
304 49
305 48
306 48
307 0
308 48
309 0
310 0
311 49
312 50
313 51
314 0
315 0
316 0
317 52
318 0
319 0
320 39
321 0
322 17
323 0
324 18
325 0
326 31
327 17
328 31
329 0
330 17
331 0
332 0
333 40
334 0
335 18
336 39
337 41
338 42
339 17
340 0
341 31
342 0
343 17
344 39
345 0
346 18
347 0
348 17
349 0
350 27
351 0
352 41
353 0
354 0
355 42
356 0
357 31
358 0
359 32
360 0
361 33
362 0
363 32
364 32
365 33
366 0
367 32
368 33
369 0
370 31
371 31
372 31
373 32
374 0
375 32
376 32
377 31
378 31
379 0
380 0
381 43
382 0
383 44
384 38
385 0
386 39
387 0
388 38
389 0
390 0
391 0
392 45
393 0
394 0
395 0
396 46
397 0
398 0
399 47
400 48
401 49
402 0
403 50
404 51
405 0
406 42
407 0
408 52
409 0
410 0
411 0
412 0
413 42
414 0
415 0
416 0
417 52
418 0
419 53
420 52
421 42
422 42
423 0
424 52
425 0
426 0
427 53
428 0
429 17
430 54
431 54
432 0
433 0
434 54
435 0
436 17
437 0
438 0
439 0
440 17
441 27
442 39
443 41
444 30
445 27
446 0
447 17
448 0
449 0
450 17
451 17
452 27
453 17
454 17
455 0
456 0
457 17
458 0
459 17
460 41
461 0
462 27
463 0
464 17
465 27
466 17
467 0
468 0
469 0
470 0
471 17
472 17
473 27
474 0
475 17
476 17
477 27
478 17
479 35
480 27
481 17
482 0
483 0
484 35
485 35
486 23
487 0
488 0
489 0
490 24
491 18
492 0
493 20
494 0
495 21
496 0
497 18
498 0
499 18
500 20
501 0
502 0
503 18
504 0
505 18
506 19
507 22
508 0
509 19
510 0
511 0
512 19
513 0
514 0
515 0
516 0
517 23
518 0
519 0
520 20
521 0
522 0
523 0
524 22
525 0
526 0
527 0
528 0
529 20
530 0
531 0
532 0
533 21
534 0
535 0
536 0
537 0
538 38
539 0
540 39
541 40
542 41
543 42
544 43
545 44
546 45
547 0
548 35
549 46
550 0
551 47
552 0
553 0
554 0
555 0
556 35
557 0
558 0
559 17
560 0
561 47
562 0
563 48
564 47
565 46
566 46
567 0
568 46
569 0
570 0
571 47
572 48
573 49
574 50
575 51
576 52
577 0
578 27
579 0
580 0
581 0
582 29
583 30
584 31
585 0
586 30
587 31
588 32
589 0
590 32
591 30
592 29
593 29
594 30
595 32
596 0
597 30
598 32
599 0
600 31
601 30
602 29
603 29
604 30
605 31
606 0
607 32
608 0
609 31
610 31
611 30
612 31
613 0
614 30
615 27
616 31
617 0
618 27
619 27
620 27
621 0
622 0
623 53
624 0
625 38
626 39
627 23
628 0
629 24
630 23
631 0
632 24
633 0
634 23
635 35
636 0
637 17
638 0
639 27
640 24
641 35
642 0
643 39
644 35
645 24
646 24
647 23
648 23
649 0
650 29
651 30
652 0
653 29
654 29
655 27
656 24
657 27
658 29
659 30
660 0
661 29
662 17
663 17
664 23
665 0
666 0
667 0
668 0
669 41
670 0
671 42
672 43
673 44
674 45
675 46
676 0
677 0
678 35
679 17
680 0
681 47
682 0
683 48
684 0
685 0
686 0
687 0
688 35
689 0
690 0
691 0
692 48
693 0
694 49
695 48
696 47
697 47
698 0
699 47
700 0
701 0
702 48
703 49
704 50
705 0
706 27
707 29
708 30
709 0
710 29
711 29
712 27
713 0
714 0
715 51
716 0
717 35
718 0
719 0
720 39
721 41
722 0
723 23
724 0
725 39
726 0
727 41
728 17
729 27
730 17
731 27
732 17
733 27
734 17
735 0
736 0
737 0
738 24
739 0
740 0
741 0
742 42
743 0
744 45
745 42
746 41
747 42
748 0
749 41
750 42
751 0
752 0
753 41
754 0
755 45
756 0
757 17
758 0
759 0
760 46
761 0
762 0
763 0
764 39
765 41
766 0
767 39
768 0
769 0
770 39
771 42
772 0
773 0
774 45
775 0
776 46
777 45
778 23
779 23
780 0
781 45
782 0
783 46
784 45
785 41
786 41
787 0
788 35
789 23
790 0
791 0
792 0
793 35
794 0
795 35
796 0
797 17
798 0
799 0
800 38
801 0
802 23
803 23
804 0
805 0
806 17
807 17
808 23
809 23
810 0
811 0
812 0
813 0
814 0
815 0
816 0
817 0
818 0
819 0
820 0
821 0
822 41
823 0
824 42
825 43
826 44
827 0
828 45
829 40
830 0
831 46
832 0
833 0
834 0
835 0
836 40
837 0
838 0
839 0
840 17
841 46
842 0
843 47
844 46
845 40
846 40
847 0
848 46
849 0
850 0
851 47
852 48
853 0
854 31
855 32
856 31
857 31
858 32
859 0
860 31
861 0
862 0
863 49
