problem_instance_file_name: inithx.i.3.col
cmd_line: mpirun -n 256 ./graph-coloring ../inputs/inithx.i.3.col 10800
solver_version: v1.0.1
number_of_vertices: 621
number_of_edges: 13969
time_limit_sec: 10800
number_of_worker_processes: 256
number_of_cores_per_worker: 2
wall_time_sec: 25
is_within_time_limit: true
number_of_colors: 31
0 1
1 2
2 3
3 4
4 5
5 6
6 7
7 8
8 9
9 10
10 11
11 12
12 13
13 14
14 15
15 16
16 1
17 16
18 15
19 14
20 11
21 12
22 13
23 10
24 9
25 8
26 2
27 3
28 4
29 5
30 6
31 7
32 18
33 21
34 17
35 18
36 18
37 17
38 22
39 23
40 23
41 19
42 17
43 17
44 18
45 22
46 23
47 17
48 18
49 22
50 23
51 22
52 23
53 18
54 22
55 18
56 23
57 24
58 18
59 22
60 23
61 18
62 17
63 17
64 17
65 17
66 17
67 17
68 17
69 17
70 17
71 17
72 17
73 17
74 18
75 19
76 20
77 21
78 22
79 23
80 19
81 17
82 18
83 17
84 17
85 17
86 18
87 17
88 17
89 20
90 0
91 24
92 25
93 26
94 27
95 26
96 18
97 17
98 0
99 24
100 0
101 0
102 0
103 25
104 26
105 27
106 28
107 27
108 28
109 17
110 17
111 21
112 0
113 0
114 0
115 21
116 0
117 0
118 28
119 29
120 29
121 29
122 29
123 30
124 31
125 0
126 29
127 29
128 29
129 0
130 25
131 25
132 26
133 26
134 25
135 25
136 18
137 26
138 25
139 26
140 25
141 17
142 17
143 27
144 17
145 17
146 27
147 17
148 18
149 27
150 17
151 21
152 17
153 27
154 17
155 17
156 27
157 17
158 17
159 27
160 17
161 17
162 27
163 17
164 18
165 17
166 17
167 27
168 17
169 27
170 27
171 17
172 0
173 22
174 24
175 0
176 0
177 25
178 23
179 25
180 26
181 17
182 27
183 26
184 17
185 28
186 17
187 29
188 17
189 30
190 30
191 28
192 28
193 30
194 27
195 27
196 26
197 30
198 26
199 27
200 27
201 26
202 0
203 0
204 23
205 0
206 26
207 27
208 26
209 25
210 25
211 25
212 26
213 26
214 27
215 27
216 28
217 28
218 0
219 0
220 29
221 22
222 17
223 18
224 27
225 17
226 27
227 17
228 18
229 18
230 18
231 18
232 17
233 27
234 17
235 18
236 22
237 17
238 23
239 22
240 0
241 23
242 24
243 27
244 28
245 29
246 28
247 28
248 29
249 28
250 29
251 27
252 27
253 27
254 28
255 28
256 28
257 27
258 27
259 0
260 24
261 18
262 18
263 22
264 18
265 0
266 23
267 22
268 22
269 24
270 22
271 26
272 22
273 25
274 26
275 27
276 22
277 27
278 22
279 22
280 22
281 22
282 25
283 22
284 27
285 28
286 27
287 22
288 22
289 27
290 28
291 0
292 28
293 17
294 29
295 29
296 0
297 29
298 17
299 0
300 17
301 23
302 22
303 22
304 26
305 23
306 17
307 17
308 17
309 23
310 17
311 17
312 17
313 17
314 22
315 23
316 22
317 23
318 17
319 23
320 17
321 22
322 23
323 22
324 22
325 17
326 17
327 23
328 22
329 17
330 17
331 23
332 17
333 22
334 23
335 17
336 22
337 22
338 22
339 22
340 18
341 18
342 0
343 22
344 17
345 19
346 20
347 19
348 17
349 23
350 24
351 25
352 17
353 18
354 19
355 20
356 21
357 22
358 23
359 24
360 17
361 18
362 17
363 19
364 20
365 0
366 17
367 21
368 17
369 0
370 17
371 0
372 0
373 22
374 0
375 20
376 0
377 21
378 0
379 19
380 0
381 20
382 18
383 18
384 18
385 18
386 22
387 18
388 23
389 22
390 23
391 18
392 18
393 18
394 18
395 22
396 18
397 0
398 17
399 23
400 24
401 23
402 22
403 22
404 22
405 23
406 23
407 24
408 24
409 25
410 25
411 26
412 26
413 27
414 27
415 28
416 28
417 0
418 29
419 23
420 25
421 26
422 27
423 26
424 27
425 28
426 28
427 26
428 25
429 25
430 26
431 28
432 26
433 28
434 27
435 26
436 25
437 25
438 26
439 27
440 28
441 27
442 27
443 26
444 27
445 26
446 23
447 27
448 23
449 23
450 23
451 0
452 29
453 18
454 22
455 18
456 22
457 18
458 22
459 23
460 24
461 17
462 23
463 18
464 23
465 24
466 23
467 18
468 18
469 18
470 18
471 22
472 25
473 26
474 25
475 25
476 23
477 22
478 22
479 23
480 25
481 26
482 25
483 17
484 17
485 18
486 24
487 0
488 0
489 25
490 23
491 17
492 25
493 25
494 26
495 0
496 0
497 23
498 26
499 27
500 26
501 25
502 25
503 25
504 26
505 26
506 27
507 27
508 28
509 28
510 0
511 23
512 25
513 26
514 25
515 25
516 23
517 0
518 29
519 22
520 26
521 23
522 22
523 24
524 27
525 24
526 22
527 17
528 22
529 23
530 22
531 17
532 23
533 17
534 23
535 17
536 0
537 22
538 0
539 25
540 28
541 25
542 23
543 25
544 23
545 25
546 23
547 28
548 28
549 0
550 17
551 0
552 29
553 23
554 0
555 24
556 24
557 23
558 23
559 25
560 0
561 28
562 29
563 28
564 27
565 27
566 28
567 29
568 28
569 24
570 24
571 26
572 27
573 0
574 26
575 28
576 26
577 17
578 0
579 28
580 23
581 23
582 0
583 17
584 17
585 23
586 23
587 0
588 0
589 0
590 24
591 0
592 0
593 23
594 25
595 23
596 26
597 0
598 0
599 23
600 17
601 26
602 27
603 26
604 23
605 23
606 26
607 27
608 0
609 27
610 28
611 28
612 29
613 27
614 28
615 27
616 27
617 28
618 27
619 0
620 29
