problem_instance_file_name: jean.col
cmd_line: mpirun -n 256 ./graph-coloring ../inputs/jean.col 10800
solver_version: v1.0.1
number_of_vertices: 80
number_of_edges: 508
time_limit_sec: 10800
number_of_worker_processes: 256
number_of_cores_per_worker: 2
wall_time_sec: 6
is_within_time_limit: true
number_of_colors: 10
0 1
1 3
2 4
3 3
4 3
5 3
6 2
7 1
8 5
9 2
10 1
11 1
12 1
13 2
14 3
15 1
16 4
17 1
18 7
19 5
20 0
21 6
22 1
23 1
24 2
25 1
26 3
27 2
28 2
29 3
30 3
31 1
32 1
33 1
34 4
35 1
36 1
37 6
38 7
39 5
40 1
41 2
42 3
43 3
44 3
45 3
46 6
47 2
48 0
49 6
50 1
51 1
52 2
53 1
54 6
55 2
56 5
57 7
58 4
59 2
60 2
61 2
62 6
63 3
64 1
65 8
66 2
67 9
68 7
69 2
70 0
71 4
72 8
73 1
74 4
75 1
76 5
77 2
78 10
79 1
