problem_instance_file_name: le450_25a.col
cmd_line: mpirun -n 512 ./graph-coloring ../inputs/le450_25a.col 3600
solver_version: v1.0.1
number_of_vertices: 450
number_of_edges: 8260
time_limit_sec: 3600
number_of_worker_processes: 512
number_of_cores_per_worker: 2
wall_time_sec: 9
is_within_time_limit: true
number_of_colors: 25
0 1
1 12
2 2
3 1
4 15
5 3
6 21
7 6
8 7
9 15
10 12
11 18
12 2
13 6
14 2
15 8
16 4
17 1
18 7
19 13
20 4
21 2
22 4
23 1
24 2
25 8
26 1
27 6
28 6
29 10
30 10
31 5
32 14
33 11
34 3
35 2
36 1
37 2
38 19
39 1
40 1
41 1
42 3
43 6
44 3
45 12
46 1
47 19
48 1
49 12
50 10
51 1
52 17
53 4
54 5
55 5
56 8
57 9
58 12
59 6
60 20
61 9
62 6
63 9
64 4
65 11
66 18
67 1
68 6
69 22
70 2
71 1
72 4
73 4
74 2
75 2
76 3
77 6
78 20
79 11
80 13
81 5
82 2
83 12
84 9
85 4
86 1
87 3
88 3
89 2
90 12
91 12
92 7
93 4
94 9
95 9
96 1
97 2
98 3
99 23
100 7
101 5
102 5
103 9
104 12
105 6
106 1
107 2
108 7
109 11
110 13
111 1
112 5
113 13
114 7
115 15
116 1
117 10
118 15
119 7
120 3
121 2
122 17
123 1
124 1
125 7
126 21
127 23
128 9
129 1
130 18
131 7
132 9
133 11
134 1
135 16
136 1
137 5
138 7
139 21
140 6
141 17
142 3
143 4
144 8
145 2
146 1
147 1
148 15
149 11
150 2
151 21
152 19
153 1
154 3
155 10
156 21
157 11
158 11
159 2
160 15
161 2
162 20
163 22
164 7
165 3
166 1
167 1
168 19
169 21
170 1
171 3
172 7
173 8
174 20
175 3
176 22
177 24
178 1
179 3
180 13
181 10
182 18
183 4
184 5
185 18
186 6
187 14
188 12
189 6
190 8
191 22
192 1
193 1
194 8
195 19
196 2
197 19
198 19
199 8
200 10
201 7
202 22
203 3
204 3
205 11
206 15
207 8
208 4
209 15
210 1
211 2
212 4
213 1
214 2
215 21
216 2
217 1
218 21
219 8
220 16
221 2
222 1
223 11
224 1
225 5
226 8
227 4
228 11
229 18
230 2
231 2
232 9
233 19
234 1
235 15
236 1
237 19
238 7
239 1
240 4
241 10
242 1
243 1
244 20
245 23
246 10
247 24
248 17
249 1
250 8
251 14
252 1
253 10
254 1
255 14
256 14
257 4
258 11
259 1
260 20
261 4
262 4
263 18
264 12
265 4
266 3
267 10
268 14
269 8
270 10
271 1
272 11
273 15
274 22
275 2
276 23
277 2
278 1
279 12
280 14
281 10
282 3
283 24
284 2
285 24
286 23
287 2
288 4
289 17
290 13
291 22
292 13
293 3
294 3
295 2
296 13
297 1
298 1
299 2
300 12
301 14
302 3
303 1
304 11
305 21
306 14
307 9
308 3
309 15
310 7
311 10
312 13
313 2
314 12
315 2
316 8
317 22
318 16
319 8
320 7
321 1
322 1
323 1
324 5
325 7
326 11
327 13
328 9
329 14
330 8
331 18
332 18
333 5
334 8
335 5
336 13
337 5
338 17
339 24
340 3
341 14
342 16
343 6
344 7
345 9
346 22
347 25
348 13
349 9
350 19
351 19
352 3
353 1
354 13
355 20
356 2
357 11
358 4
359 9
360 20
361 3
362 13
363 23
364 25
365 24
366 4
367 5
368 17
369 6
370 10
371 5
372 2
373 24
374 17
375 16
376 25
377 20
378 3
379 20
380 21
381 13
382 16
383 25
384 23
385 15
386 2
387 15
388 3
389 22
390 6
391 16
392 4
393 3
394 15
395 1
396 25
397 25
398 16
399 18
400 24
401 14
402 2
403 10
404 17
405 5
406 25
407 1
408 18
409 25
410 5
411 3
412 24
413 16
414 25
415 13
416 9
417 12
418 22
419 1
420 9
421 21
422 10
423 1
424 25
425 10
426 12
427 12
428 20
429 24
430 1
431 12
432 3
433 2
434 16
435 2
436 9
437 6
438 6
439 23
440 13
441 18
442 19
443 14
444 13
445 24
446 4
447 23
448 3
449 14
