problem_instance_file_name: le450_25b.col
cmd_line: mpirun -n 512 ./graph-coloring ../inputs/le450_25b.col 3600
solver_version: v1.0.1
number_of_vertices: 450
number_of_edges: 8263
time_limit_sec: 3600
number_of_worker_processes: 512
number_of_cores_per_worker: 2
wall_time_sec: 9
is_within_time_limit: true
number_of_colors: 25
0 1
1 12
2 20
3 11
4 3
5 11
6 20
7 19
8 1
9 5
10 13
11 2
12 2
13 2
14 12
15 1
16 19
17 15
18 1
19 21
20 12
21 3
22 14
23 1
24 2
25 5
26 1
27 3
28 12
29 2
30 9
31 19
32 16
33 10
34 5
35 10
36 10
37 2
38 1
39 13
40 7
41 9
42 6
43 1
44 11
45 22
46 7
47 12
48 2
49 16
50 14
51 9
52 7
53 19
54 1
55 3
56 4
57 14
58 11
59 2
60 13
61 4
62 13
63 6
64 11
65 2
66 3
67 11
68 2
69 9
70 4
71 8
72 1
73 15
74 8
75 17
76 3
77 16
78 1
79 3
80 7
81 3
82 1
83 17
84 1
85 23
86 22
87 4
88 14
89 10
90 23
91 3
92 17
93 7
94 2
95 2
96 1
97 9
98 1
99 2
100 1
101 14
102 1
103 14
104 8
105 21
106 5
107 7
108 15
109 6
110 10
111 12
112 7
113 2
114 5
115 9
116 1
117 16
118 6
119 20
120 10
121 14
122 14
123 21
124 1
125 5
126 4
127 7
128 7
129 17
130 10
131 5
132 14
133 13
134 17
135 2
136 4
137 13
138 18
139 2
140 13
141 5
142 18
143 1
144 1
145 17
146 12
147 8
148 6
149 13
150 13
151 14
152 1
153 1
154 5
155 1
156 18
157 9
158 1
159 13
160 5
161 16
162 3
163 24
164 4
165 12
166 4
167 9
168 19
169 4
170 11
171 18
172 11
173 21
174 1
175 12
176 21
177 3
178 4
179 3
180 19
181 16
182 8
183 6
184 20
185 3
186 9
187 9
188 7
189 4
190 18
191 2
192 1
193 17
194 2
195 8
196 21
197 16
198 16
199 1
200 1
201 4
202 23
203 15
204 12
205 8
206 2
207 24
208 6
209 14
210 11
211 12
212 1
213 20
214 2
215 8
216 1
217 1
218 7
219 10
220 5
221 1
222 20
223 21
224 9
225 21
226 7
227 9
228 8
229 1
230 8
231 1
232 12
233 1
234 13
235 3
236 1
237 9
238 11
239 12
240 22
241 19
242 2
243 8
244 18
245 8
246 17
247 16
248 9
249 5
250 15
251 10
252 8
253 16
254 1
255 1
256 23
257 2
258 12
259 2
260 10
261 11
262 14
263 1
264 23
265 1
266 4
267 17
268 9
269 9
270 22
271 8
272 24
273 2
274 15
275 2
276 20
277 11
278 6
279 6
280 22
281 4
282 6
283 23
284 10
285 3
286 2
287 2
288 1
289 18
290 24
291 3
292 2
293 9
294 3
295 4
296 11
297 24
298 11
299 20
300 16
301 4
302 12
303 15
304 6
305 2
306 5
307 18
308 23
309 13
310 14
311 1
312 7
313 24
314 2
315 14
316 19
317 2
318 6
319 2
320 22
321 10
322 12
323 7
324 8
325 5
326 15
327 9
328 14
329 12
330 10
331 5
332 11
333 5
334 25
335 13
336 25
337 4
338 20
339 1
340 16
341 14
342 21
343 1
344 2
345 7
346 22
347 6
348 15
349 3
350 25
351 25
352 24
353 5
354 6
355 4
356 1
357 24
358 4
359 17
360 1
361 10
362 11
363 18
364 21
365 1
366 11
367 7
368 4
369 1
370 24
371 13
372 10
373 9
374 23
375 10
376 18
377 13
378 5
379 25
380 22
381 12
382 5
383 25
384 2
385 8
386 1
387 13
388 6
389 17
390 7
391 2
392 7
393 15
394 2
395 7
396 1
397 18
398 23
399 25
400 15
401 1
402 8
403 1
404 11
405 5
406 11
407 6
408 3
409 22
410 17
411 14
412 23
413 2
414 12
415 2
416 3
417 4
418 25
419 6
420 20
421 3
422 24
423 21
424 21
425 16
426 11
427 22
428 8
429 3
430 24
431 4
432 19
433 25
434 3
435 1
436 2
437 25
438 22
439 15
440 1
441 10
442 20
443 25
444 13
445 16
446 24
447 11
448 3
449 13
