problem_instance_file_name: le450_5d.col
cmd_line: mpirun -n 512 ./graph-coloring ../inputs/le450_5d.col 3600
solver_version: v1.0.1
number_of_vertices: 450
number_of_edges: 9757
time_limit_sec: 3600
number_of_worker_processes: 512
number_of_cores_per_worker: 2
wall_time_sec: 34
is_within_time_limit: true
number_of_colors: 5
0 1
1 2
2 3
3 4
4 4
5 1
6 2
7 3
8 4
9 5
10 1
11 2
12 3
13 4
14 4
15 1
16 2
17 3
18 4
19 4
20 1
21 2
22 3
23 5
24 4
25 1
26 2
27 3
28 5
29 4
30 1
31 2
32 3
33 5
34 5
35 1
36 2
37 3
38 5
39 4
40 1
41 2
42 3
43 5
44 4
45 1
46 2
47 3
48 5
49 5
50 1
51 2
52 3
53 5
54 4
55 1
56 2
57 3
58 5
59 5
60 1
61 2
62 3
63 5
64 4
65 1
66 2
67 3
68 5
69 4
70 1
71 2
72 3
73 5
74 5
75 1
76 2
77 3
78 5
79 4
80 1
81 2
82 3
83 5
84 5
85 1
86 2
87 3
88 5
89 4
90 1
91 2
92 3
93 5
94 4
95 1
96 2
97 3
98 4
99 5
100 1
101 2
102 3
103 4
104 4
105 1
106 2
107 3
108 4
109 4
110 1
111 2
112 3
113 4
114 4
115 1
116 2
117 3
118 4
119 4
120 1
121 2
122 3
123 4
124 5
125 1
126 2
127 3
128 4
129 4
130 1
131 2
132 3
133 5
134 4
135 1
136 2
137 3
138 5
139 5
140 1
141 2
142 3
143 5
144 4
145 1
146 2
147 3
148 5
149 5
150 1
151 2
152 3
153 5
154 4
155 1
156 2
157 3
158 5
159 4
160 1
161 2
162 3
163 5
164 5
165 1
166 2
167 3
168 5
169 4
170 1
171 2
172 3
173 5
174 5
175 1
176 2
177 3
178 5
179 4
180 1
181 2
182 3
183 5
184 4
185 1
186 2
187 3
188 5
189 5
190 1
191 2
192 3
193 5
194 4
195 1
196 2
197 3
198 5
199 4
200 1
201 2
202 3
203 5
204 4
205 1
206 2
207 3
208 4
209 4
210 1
211 2
212 3
213 4
214 5
215 1
216 2
217 3
218 4
219 4
220 1
221 2
222 3
223 4
224 4
225 1
226 2
227 3
228 4
229 5
230 1
231 2
232 3
233 4
234 4
235 1
236 2
237 3
238 4
239 5
240 1
241 2
242 3
243 4
244 4
245 1
246 2
247 3
248 5
249 4
250 1
251 2
252 3
253 5
254 5
255 1
256 2
257 3
258 5
259 4
260 1
261 2
262 3
263 5
264 5
265 1
266 2
267 3
268 5
269 4
270 1
271 2
272 3
273 5
274 4
275 1
276 2
277 3
278 5
279 5
280 1
281 2
282 3
283 5
284 4
285 1
286 2
287 3
288 5
289 4
290 1
291 2
292 3
293 5
294 4
295 1
296 2
297 3
298 5
299 4
300 1
301 2
302 3
303 5
304 5
305 1
306 2
307 3
308 5
309 4
310 1
311 2
312 3
313 5
314 4
315 1
316 2
317 3
318 5
319 5
320 1
321 2
322 3
323 4
324 4
325 1
326 2
327 3
328 4
329 5
330 1
331 2
332 3
333 4
334 4
335 1
336 2
337 3
338 4
339 4
340 1
341 2
342 3
343 4
344 5
345 1
346 2
347 3
348 4
349 4
350 1
351 2
352 3
353 4
354 5
355 1
356 2
357 3
358 5
359 4
360 1
361 2
362 3
363 5
364 4
365 1
366 2
367 3
368 5
369 5
370 1
371 2
372 3
373 5
374 4
375 1
376 2
377 3
378 5
379 4
380 1
381 2
382 3
383 5
384 4
385 1
386 2
387 3
388 5
389 4
390 1
391 2
392 3
393 5
394 5
395 1
396 2
397 3
398 5
399 4
400 1
401 2
402 3
403 5
404 4
405 1
406 2
407 3
408 5
409 5
410 1
411 2
412 3
413 5
414 4
415 1
416 2
417 3
418 5
419 5
420 1
421 2
422 3
423 5
424 4
425 1
426 2
427 3
428 5
429 4
430 1
431 2
432 3
433 4
434 5
435 1
436 2
437 3
438 4
439 4
440 1
441 2
442 3
443 4
444 5
445 1
446 2
447 3
448 4
449 4
