problem_instance_file_name: le450_15b.col
cmd_line: mpirun -n 512 ./graph-coloring ../inputs/le450_15b.col 3600
solver_version: v1.0.1
number_of_vertices: 450
number_of_edges: 8169
time_limit_sec: 3600
number_of_worker_processes: 512
number_of_cores_per_worker: 2
wall_time_sec: 427
is_within_time_limit: true
number_of_colors: 15
0 1
1 12
2 1
3 14
4 12
5 12
6 1
7 14
8 1
9 2
10 3
11 10
12 9
13 3
14 12
15 14
16 6
17 3
18 2
19 10
20 9
21 2
22 7
23 4
24 10
25 5
26 2
27 2
28 1
29 1
30 4
31 6
32 6
33 3
34 13
35 5
36 10
37 1
38 5
39 1
40 13
41 12
42 13
43 7
44 6
45 5
46 4
47 3
48 8
49 2
50 1
51 7
52 6
53 2
54 14
55 1
56 5
57 8
58 1
59 3
60 4
61 5
62 9
63 14
64 5
65 5
66 5
67 1
68 11
69 14
70 2
71 5
72 6
73 4
74 5
75 13
76 4
77 9
78 5
79 1
80 12
81 7
82 14
83 7
84 4
85 8
86 8
87 1
88 15
89 14
90 1
91 3
92 1
93 7
94 10
95 5
96 14
97 2
98 5
99 3
100 1
101 8
102 2
103 8
104 14
105 13
106 3
107 1
108 1
109 3
110 5
111 7
112 3
113 6
114 11
115 6
116 6
117 1
118 9
119 7
120 11
121 14
122 8
123 9
124 4
125 1
126 2
127 10
128 1
129 10
130 3
131 7
132 1
133 4
134 9
135 4
136 15
137 9
138 11
139 6
140 3
141 15
142 3
143 3
144 2
145 5
146 6
147 12
148 11
149 2
150 6
151 2
152 8
153 6
154 11
155 8
156 6
157 15
158 3
159 3
160 3
161 2
162 2
163 4
164 10
165 10
166 4
167 3
168 10
169 13
170 13
171 4
172 13
173 11
174 7
175 12
176 6
177 7
178 1
179 9
180 1
181 8
182 1
183 15
184 7
185 8
186 13
187 3
188 9
189 13
190 14
191 8
192 6
193 10
194 8
195 10
196 8
197 14
198 13
199 3
200 15
201 12
202 1
203 12
204 2
205 6
206 4
207 5
208 2
209 15
210 9
211 12
212 1
213 1
214 11
215 8
216 10
217 9
218 2
219 9
220 11
221 12
222 14
223 8
224 14
225 1
226 1
227 1
228 13
229 2
230 3
231 11
232 3
233 7
234 10
235 1
236 5
237 2
238 14
239 3
240 1
241 8
242 3
243 7
244 15
245 1
246 6
247 5
248 9
249 5
250 3
251 4
252 15
253 4
254 12
255 2
256 15
257 13
258 9
259 13
260 12
261 2
262 4
263 7
264 11
265 14
266 3
267 2
268 8
269 4
270 8
271 6
272 11
273 9
274 12
275 11
276 2
277 4
278 5
279 7
280 7
281 12
282 2
283 13
284 4
285 13
286 1
287 13
288 7
289 7
290 2
291 2
292 2
293 5
294 7
295 10
296 1
297 11
298 6
299 10
300 8
301 4
302 13
303 10
304 9
305 12
306 10
307 9
308 7
309 12
310 1
311 4
312 11
313 15
314 8
315 4
316 9
317 15
318 9
319 15
320 13
321 10
322 3
323 7
324 15
325 10
326 3
327 6
328 13
329 8
330 8
331 14
332 9
333 9
334 8
335 6
336 4
337 6
338 1
339 11
340 11
341 6
342 5
343 14
344 15
345 15
346 1
347 4
348 13
349 1
350 3
351 8
352 4
353 11
354 14
355 14
356 12
357 4
358 6
359 12
360 4
361 9
362 1
363 15
364 1
365 15
366 3
367 11
368 10
369 14
370 3
371 4
372 2
373 11
374 1
375 15
376 6
377 13
378 15
379 13
380 7
381 2
382 10
383 3
384 12
385 1
386 15
387 7
388 15
389 1
390 1
391 4
392 15
393 10
394 10
395 11
396 10
397 2
398 5
399 14
400 1
401 7
402 9
403 14
404 1
405 15
406 3
407 15
408 9
409 12
410 15
411 5
412 11
413 7
414 8
415 7
416 5
417 4
418 13
419 11
420 6
421 12
422 1
423 9
424 8
425 7
426 14
427 14
428 10
429 8
430 7
431 5
432 1
433 2
434 7
435 2
436 15
437 13
438 4
439 4
440 2
441 15
442 11
443 12
444 14
445 15
446 3
447 2
448 12
449 10
