problem_instance_file_name: miles750.col
cmd_line: mpirun -n 512 ./graph-coloring ../inputs/miles750.col 3600
solver_version: v1.0.1
number_of_vertices: 128
number_of_edges: 4226
time_limit_sec: 3600
number_of_worker_processes: 512
number_of_cores_per_worker: 2
wall_time_sec: 27
is_within_time_limit: true
number_of_colors: 31
0 1
1 1
2 2
3 4
4 3
5 4
6 11
7 8
8 1
9 3
10 1
11 2
12 14
13 13
14 3
15 1
16 2
17 7
18 9
19 12
20 5
21 6
22 7
23 5
24 16
25 9
26 12
27 6
28 2
29 8
30 3
31 4
32 5
33 2
34 6
35 19
36 6
37 30
38 2
39 10
40 20
41 4
42 1
43 12
44 4
45 31
46 7
47 7
48 11
49 7
50 1
51 18
52 27
53 8
54 14
55 1
56 4
57 28
58 3
59 5
60 22
61 20
62 8
63 2
64 3
65 17
66 9
67 14
68 9
69 8
70 12
71 2
72 21
73 13
74 11
75 5
76 6
77 17
78 11
79 8
80 6
81 13
82 24
83 6
84 5
85 14
86 8
87 16
88 3
89 6
90 22
91 19
92 25
93 21
94 2
95 21
96 16
97 5
98 23
99 10
100 7
101 9
102 13
103 12
104 18
105 9
106 13
107 7
108 10
109 15
110 23
111 1
112 10
113 4
114 15
115 29
116 14
117 26
118 6
119 11
120 4
121 17
122 7
123 13
124 19
125 2
126 26
127 3
