problem_instance_file_name: miles1000.col
cmd_line: mpirun -n 512 ./graph-coloring ../inputs/miles1000.col 3600
solver_version: v1.0.1
number_of_vertices: 128
number_of_edges: 6432
time_limit_sec: 3600
number_of_worker_processes: 512
number_of_cores_per_worker: 2
wall_time_sec: 2
is_within_time_limit: true
number_of_colors: 42
0 1
1 12
2 10
3 5
4 9
5 8
6 14
7 2
8 8
9 1
10 6
11 4
12 32
13 18
14 7
15 3
16 9
17 11
18 4
19 20
20 12
21 2
22 2
23 23
24 37
25 13
26 5
27 6
28 3
29 22
30 2
31 8
32 6
33 8
34 1
35 28
36 5
37 10
38 7
39 15
40 17
41 3
42 8
43 7
44 19
45 38
46 10
47 2
48 1
49 15
50 5
51 33
52 4
53 4
54 9
55 3
56 12
57 16
58 2
59 6
60 8
61 27
62 17
63 16
64 9
65 9
66 19
67 30
68 15
69 10
70 11
71 3
72 10
73 11
74 7
75 28
76 6
77 12
78 13
79 14
80 4
81 5
82 11
83 14
84 7
85 26
86 7
87 3
88 4
89 15
90 29
91 31
92 40
93 25
94 1
95 42
96 16
97 32
98 32
99 17
100 1
101 18
102 17
103 16
104 19
105 5
106 24
107 20
108 21
109 22
110 18
111 1
112 13
113 23
114 21
115 39
116 24
117 41
118 6
119 23
120 2
121 25
122 34
123 14
124 25
125 35
126 36
127 26
