problem_instance_file_name: miles500.col
cmd_line: mpirun -n 512 ./graph-coloring ../inputs/miles500.col 3600
solver_version: v1.0.1
number_of_vertices: 128
number_of_edges: 2340
time_limit_sec: 3600
number_of_worker_processes: 512
number_of_cores_per_worker: 2
wall_time_sec: 1
is_within_time_limit: true
number_of_colors: 20
0 1
1 9
2 4
3 2
4 2
5 6
6 4
7 6
8 1
9 12
10 3
11 1
12 1
13 5
14 1
15 3
16 4
17 3
18 2
19 15
20 4
21 1
22 4
23 2
24 17
25 5
26 1
27 2
28 3
29 5
30 2
31 4
32 2
33 2
34 4
35 11
36 5
37 7
38 4
39 6
40 19
41 5
42 3
43 3
44 6
45 9
46 3
47 3
48 7
49 6
50 1
51 7
52 13
53 4
54 4
55 2
56 5
57 16
58 1
59 7
60 10
61 8
62 7
63 2
64 3
65 10
66 11
67 5
68 4
69 3
70 5
71 6
72 7
73 1
74 8
75 4
76 7
77 9
78 2
79 5
80 2
81 3
82 12
83 3
84 8
85 6
86 1
87 12
88 8
89 3
90 9
91 13
92 20
93 8
94 3
95 2
96 8
97 7
98 1
99 10
100 12
101 4
102 8
103 8
104 6
105 9
106 15
107 6
108 9
109 8
110 4
111 1
112 1
113 5
114 11
115 18
116 7
117 14
118 10
119 9
120 4
121 7
122 3
123 9
124 11
125 14
126 10
127 11
