problem_instance_file_name: miles250.col
cmd_line: mpirun -n 256 ./graph-coloring ../inputs/miles250.col 10800
solver_version: v1.0.1
number_of_vertices: 128
number_of_edges: 774
time_limit_sec: 10800
number_of_worker_processes: 256
number_of_cores_per_worker: 2
wall_time_sec: 2
is_within_time_limit: true
number_of_colors: 8
0 1
1 1
2 0
3 0
4 0
5 2
6 3
7 1
8 0
9 4
10 0
11 0
12 1
13 1
14 0
15 0
16 0
17 0
18 2
19 2
20 0
21 1
22 1
23 1
24 1
25 0
26 1
27 3
28 0
29 3
30 2
31 0
32 0
33 0
34 0
35 4
36 0
37 6
38 1
39 0
40 2
41 0
42 3
43 4
44 3
45 6
46 0
47 0
48 0
49 0
50 0
51 6
52 7
53 0
54 4
55 2
56 6
57 4
58 0
59 4
60 2
61 4
62 0
63 1
64 1
65 2
66 5
67 1
68 5
69 3
70 3
71 2
72 4
73 1
74 3
75 2
76 0
77 3
78 3
79 3
80 0
81 5
82 1
83 1
84 0
85 3
86 0
87 3
88 5
89 1
90 2
91 5
92 2
93 3
94 1
95 2
96 2
97 3
98 1
99 5
100 1
101 2
102 5
103 0
104 4
105 3
106 1
107 4
108 2
109 2
110 5
111 0
112 5
113 2
114 1
115 8
116 3
117 7
118 1
119 1
120 0
121 2
122 4
123 0
124 5
125 7
126 4
127 4
