problem_instance_file_name: miles1500.col
cmd_line: mpirun -n 256 ./graph-coloring ../inputs/miles1500.col 10800
solver_version: v1.0.1
number_of_vertices: 128
number_of_edges: 10396
time_limit_sec: 10800
number_of_worker_processes: 256
number_of_cores_per_worker: 2
wall_time_sec: 5
is_within_time_limit: true
number_of_colors: 73
0 1
1 2
2 9
3 10
4 24
5 3
6 4
7 5
8 12
9 6
10 15
11 8
12 7
13 8
14 6
15 11
16 2
17 18
18 9
19 10
20 16
21 32
22 11
23 12
24 13
25 20
26 14
27 15
28 7
29 16
30 12
31 19
32 2
33 13
34 22
35 57
36 15
37 17
38 18
39 25
40 19
41 17
42 20
43 10
44 21
45 22
46 21
47 5
48 21
49 8
50 6
51 23
52 24
53 14
54 25
55 8
56 26
57 27
58 28
59 28
60 25
61 29
62 1
63 30
64 7
65 31
66 32
67 33
68 34
69 35
70 36
71 16
72 37
73 38
74 39
75 40
76 13
77 41
78 42
79 43
80 4
81 1
82 44
83 45
84 3
85 26
86 23
87 46
88 47
89 48
90 49
91 50
92 51
93 52
94 9
95 53
96 3
97 17
98 54
99 55
100 56
101 57
102 13
103 26
104 28
105 4
106 58
107 59
108 60
109 61
110 62
111 3
112 63
113 64
114 65
115 66
116 72
117 43
118 6
119 4
120 10
121 67
122 68
123 27
124 73
125 69
126 70
127 71
