problem_instance_file_name: mulsol.i.2.col
cmd_line: mpirun -n 512 ./graph-coloring ../inputs/mulsol.i.2.col 3600
solver_version: v1.0.1
number_of_vertices: 188
number_of_edges: 3885
time_limit_sec: 3600
number_of_worker_processes: 512
number_of_cores_per_worker: 2
wall_time_sec: 2
is_within_time_limit: true
number_of_colors: 31
0 1
1 2
2 3
3 4
4 5
5 6
6 7
7 8
8 9
9 10
10 11
11 12
12 13
13 14
14 15
15 16
16 1
17 11
18 10
19 9
20 8
21 7
22 6
23 5
24 3
25 2
26 12
27 13
28 14
29 15
30 16
31 17
32 17
33 4
34 4
35 4
36 4
37 4
38 4
39 4
40 4
41 4
42 4
43 4
44 4
45 17
46 17
47 17
48 18
49 19
50 20
51 21
52 22
53 23
54 4
55 4
56 4
57 4
58 4
59 18
60 24
61 4
62 25
63 17
64 26
65 27
66 28
67 4
68 4
69 29
70 19
71 20
72 20
73 21
74 4
75 4
76 20
77 23
78 21
79 22
80 4
81 24
82 20
83 23
84 21
85 22
86 26
87 4
88 23
89 24
90 25
91 25
92 26
93 27
94 27
95 28
96 4
97 0
98 4
99 29
100 17
101 17
102 17
103 17
104 17
105 17
106 17
107 30
108 0
109 4
110 29
111 31
112 17
113 4
114 29
115 30
116 31
117 17
118 30
119 17
120 4
121 4
122 29
123 4
124 4
125 0
126 0
127 29
128 17
129 30
130 30
131 30
132 31
133 30
134 17
135 30
136 30
137 17
138 0
139 29
140 0
141 0
142 17
143 30
144 31
145 30
146 17
147 30
148 17
149 0
150 29
151 0
152 0
153 17
154 31
155 17
156 31
157 17
158 0
159 29
160 0
161 4
162 18
163 17
164 24
165 25
166 4
167 18
168 4
169 18
170 19
171 20
172 21
173 22
174 23
175 24
176 18
177 4
178 18
179 19
180 0
181 0
182 17
183 17
184 0
185 20
186 4
187 4
