problem_instance_file_name: mulsol.i.4.col
cmd_line: mpirun -n 512 ./graph-coloring ../inputs/mulsol.i.4.col 3600
solver_version: v1.0.1
number_of_vertices: 185
number_of_edges: 3946
time_limit_sec: 3600
number_of_worker_processes: 512
number_of_cores_per_worker: 2
wall_time_sec: 1
is_within_time_limit: true
number_of_colors: 31
0 1
1 2
2 3
3 4
4 5
5 6
6 7
7 8
8 9
9 10
10 11
11 12
12 13
13 14
14 15
15 16
16 1
17 11
18 10
19 9
20 8
21 7
22 6
23 5
24 3
25 2
26 12
27 13
28 14
29 15
30 16
31 17
32 17
33 4
34 4
35 4
36 4
37 4
38 4
39 4
40 4
41 4
42 4
43 4
44 4
45 17
46 17
47 17
48 18
49 19
50 20
51 21
52 22
53 23
54 4
55 4
56 4
57 4
58 4
59 18
60 24
61 4
62 25
63 17
64 26
65 27
66 28
67 4
68 4
69 29
70 19
71 20
72 20
73 21
74 4
75 4
76 20
77 23
78 21
79 22
80 4
81 24
82 20
83 23
84 21
85 22
86 26
87 4
88 23
89 24
90 25
91 25
92 26
93 27
94 27
95 28
96 4
97 4
98 29
99 17
100 17
101 17
102 17
103 17
104 17
105 17
106 30
107 0
108 4
109 29
110 31
111 17
112 4
113 29
114 30
115 31
116 17
117 30
118 4
119 29
120 17
121 4
122 4
123 29
124 4
125 4
126 0
127 29
128 17
129 30
130 30
131 30
132 31
133 30
134 17
135 30
136 30
137 17
138 0
139 29
140 0
141 17
142 30
143 31
144 30
145 17
146 30
147 17
148 0
149 29
150 0
151 17
152 31
153 17
154 31
155 17
156 0
157 29
158 0
159 4
160 18
161 17
162 24
163 25
164 4
165 18
166 4
167 18
168 19
169 20
170 21
171 22
172 23
173 24
174 18
175 4
176 18
177 19
178 0
179 17
180 17
181 0
182 20
183 4
184 4
