problem_instance_file_name: mulsol.i.1.col
cmd_line: mpirun -n 256 ./graph-coloring ../inputs/mulsol.i.1.col 10800
solver_version: v1.0.1
number_of_vertices: 197
number_of_edges: 3925
time_limit_sec: 10800
number_of_worker_processes: 256
number_of_cores_per_worker: 2
wall_time_sec: 5
is_within_time_limit: true
number_of_colors: 49
0 1
1 2
2 3
3 4
4 5
5 6
6 7
7 8
8 9
9 10
10 11
11 12
12 13
13 14
14 15
15 16
16 1
17 16
18 14
19 13
20 12
21 11
22 10
23 9
24 3
25 2
26 18
27 19
28 20
29 21
30 22
31 23
32 24
33 17
34 25
35 25
36 25
37 24
38 4
39 5
40 6
41 7
42 8
43 15
44 17
45 26
46 18
47 19
48 20
49 21
50 22
51 23
52 24
53 25
54 26
55 27
56 28
57 0
58 29
59 30
60 0
61 31
62 32
63 33
64 27
65 0
66 28
67 17
68 0
69 0
70 29
71 0
72 24
73 30
74 31
75 0
76 25
77 0
78 0
79 32
80 0
81 0
82 34
83 0
84 35
85 0
86 36
87 37
88 0
89 25
90 38
91 0
92 25
93 0
94 0
95 43
96 0
97 0
98 39
99 0
100 0
101 42
102 0
103 40
104 0
105 0
106 41
107 45
108 25
109 0
110 42
111 43
112 0
113 44
114 0
115 0
116 45
117 46
118 0
119 47
120 17
121 0
122 0
123 0
124 17
125 17
126 17
127 17
128 17
129 17
130 33
131 0
132 0
133 0
134 33
135 17
136 17
137 33
138 17
139 0
140 0
141 25
142 0
143 48
144 17
145 49
146 33
147 49
148 34
149 33
150 17
151 49
152 33
153 17
154 0
155 0
156 48
157 0
158 0
159 17
160 33
161 34
162 33
163 17
164 33
165 17
166 0
167 0
168 48
169 0
170 0
171 0
172 34
173 35
174 0
175 36
176 37
177 17
178 0
179 0
180 48
181 0
182 0
183 24
184 0
185 0
186 25
187 0
188 31
189 0
190 17
191 17
192 0
193 0
194 32
195 0
196 24
