problem_instance_file_name: myciel5.col
cmd_line: mpirun -n 256 ./graph-coloring ../inputs/myciel5.col 10800
solver_version: v1.0.1
number_of_vertices: 47
number_of_edges: 236
time_limit_sec: 10800
number_of_worker_processes: 256
number_of_cores_per_worker: 2
wall_time_sec: 78
is_within_time_limit: true
number_of_colors: 6
0 1
1 2
2 3
3 2
4 1
5 5
6 2
7 3
8 2
9 4
10 1
11 1
12 2
13 3
14 2
15 1
16 3
17 2
18 3
19 2
20 4
21 1
22 5
23 1
24 4
25 3
26 2
27 1
28 3
29 2
30 3
31 2
32 4
33 1
34 1
35 2
36 3
37 2
38 1
39 3
40 2
41 3
42 2
43 4
44 1
45 5
46 6
