problem_instance_file_name: queen8_8.col
cmd_line: mpirun -n 384 ./graph-coloring ../inputs/queen8_8.col 10800
solver_version: v1.0.1
number_of_vertices: 64
number_of_edges: 1456
time_limit_sec: 10800
number_of_worker_processes: 384
number_of_cores_per_worker: 2
wall_time_sec: 24
is_within_time_limit: true
number_of_colors: 9
0 1
1 2
2 3
3 4
4 5
5 6
6 7
7 8
8 4
9 5
10 7
11 8
12 1
13 2
14 3
15 6
16 9
17 6
18 2
19 3
20 4
21 5
22 8
23 1
24 3
25 7
26 5
27 6
28 9
29 1
30 2
31 4
32 6
33 8
34 1
35 2
36 7
37 4
38 5
39 9
40 2
41 3
42 4
43 5
44 8
45 9
46 1
47 7
48 8
49 1
50 9
51 7
52 6
53 3
54 4
55 5
56 7
57 4
58 6
59 1
60 2
61 8
62 9
63 3
