problem_instance_file_name: queen7_7.col
cmd_line: mpirun -n 384 ./graph-coloring ../inputs/queen7_7.col 10800
solver_version: v1.0.1
number_of_vertices: 49
number_of_edges: 952
time_limit_sec: 10800
number_of_worker_processes: 384
number_of_cores_per_worker: 2
wall_time_sec: 1
is_within_time_limit: true
number_of_colors: 7
0 1
1 2
2 3
3 4
4 5
5 6
6 7
7 6
8 7
9 1
10 2
11 3
12 4
13 5
14 4
15 5
16 6
17 7
18 1
19 2
20 3
21 2
22 3
23 4
24 5
25 6
26 7
27 1
28 7
29 1
30 2
31 3
32 4
33 5
34 6
35 5
36 6
37 7
38 1
39 2
40 3
41 4
42 3
43 4
44 5
45 6
46 7
47 1
48 2
