problem_instance_file_name: queen8_12.col
cmd_line: mpirun -n 384 ./graph-coloring ../inputs/queen8_12.col 10800
solver_version: v1.0.1
number_of_vertices: 96
number_of_edges: 2736
time_limit_sec: 10800
number_of_worker_processes: 384
number_of_cores_per_worker: 2
wall_time_sec: 2
is_within_time_limit: true
number_of_colors: 12
0 1
1 2
2 3
3 4
4 5
5 6
6 7
7 8
8 9
9 10
10 11
11 12
12 9
13 5
14 6
15 7
16 8
17 10
18 11
19 12
20 1
21 2
22 3
23 4
24 10
25 11
26 12
27 9
28 4
29 3
30 1
31 2
32 5
33 6
34 8
35 7
36 5
37 8
38 4
39 3
40 7
41 2
42 9
43 6
44 10
45 1
46 12
47 11
48 2
49 3
50 1
51 12
52 6
53 5
54 8
55 7
56 11
57 4
58 9
59 10
60 11
61 6
62 9
63 5
64 3
65 7
66 4
67 10
68 2
69 12
70 1
71 8
72 8
73 4
74 10
75 11
76 12
77 1
78 2
79 3
80 6
81 5
82 7
83 9
84 6
85 7
86 8
87 1
88 2
89 9
90 5
91 4
92 12
93 11
94 10
95 3
