problem_instance_file_name: zeroin.i.1.col
cmd_line: mpirun -n 384 ./graph-coloring ../inputs/zeroin.i.1.col 10800
solver_version: v1.0.1
number_of_vertices: 211
number_of_edges: 4100
time_limit_sec: 10800
number_of_worker_processes: 384
number_of_cores_per_worker: 2
wall_time_sec: 8
is_within_time_limit: true
number_of_colors: 49
0 1
1 2
2 3
3 4
4 5
5 6
6 7
7 8
8 9
9 10
10 11
11 12
12 13
13 14
14 15
15 16
16 1
17 13
18 14
19 15
20 16
21 12
22 11
23 10
24 9
25 8
26 2
27 3
28 4
29 5
30 6
31 7
32 17
33 0
34 0
35 18
36 0
37 0
38 0
39 0
40 19
41 0
42 20
43 0
44 21
45 0
46 19
47 22
48 0
49 0
50 23
51 0
52 0
53 24
54 0
55 17
56 22
57 0
58 25
59 26
60 25
61 26
62 17
63 18
64 19
65 20
66 21
67 22
68 23
69 24
70 27
71 28
72 29
73 30
74 31
75 32
76 33
77 34
78 35
79 25
80 36
81 0
82 26
83 37
84 0
85 27
86 28
87 38
88 0
89 39
90 0
91 40
92 0
93 0
94 17
95 0
96 17
97 0
98 0
99 0
100 0
101 0
102 29
103 0
104 0
105 41
106 0
107 0
108 0
109 0
110 0
111 0
112 26
113 25
114 0
115 0
116 0
117 0
118 0
119 0
120 25
121 0
122 0
123 42
124 0
125 43
126 0
127 0
128 43
129 0
130 0
131 43
132 0
133 25
134 25
135 0
136 0
137 0
138 0
139 44
140 45
141 45
142 0
143 0
144 23
145 23
146 0
147 0
148 26
149 0
150 0
151 0
152 0
153 0
154 0
155 0
156 0
157 0
158 46
159 47
160 46
161 47
162 45
163 22
164 0
165 17
166 0
167 0
168 0
169 0
170 0
171 17
172 0
173 45
174 46
175 46
176 47
177 47
178 46
179 45
180 21
181 21
182 21
183 21
184 0
185 0
186 0
187 0
188 0
189 17
190 45
191 0
192 46
193 0
194 22
195 0
196 48
197 48
198 49
199 48
200 46
201 17
202 17
203 0
204 0
205 45
206 45
207 22
208 0
209 0
210 25
