problem_instance_file_name: zeroin.i.3.col
cmd_line: mpirun -n 512 ./graph-coloring ../inputs/zeroin.i.3.col 3600
solver_version: v1.0.1
number_of_vertices: 206
number_of_edges: 3540
time_limit_sec: 3600
number_of_worker_processes: 512
number_of_cores_per_worker: 2
wall_time_sec: 2
is_within_time_limit: true
number_of_colors: 30
0 1
1 2
2 3
3 4
4 5
5 6
6 7
7 8
8 9
9 10
10 11
11 12
12 13
13 14
14 15
15 16
16 1
17 17
18 16
19 15
20 14
21 13
22 12
23 6
24 5
25 3
26 2
27 7
28 8
29 9
30 10
31 11
32 17
33 0
34 0
35 18
36 0
37 0
38 0
39 0
40 19
41 0
42 20
43 0
44 21
45 0
46 19
47 22
48 0
49 0
50 23
51 0
52 0
53 24
54 0
55 17
56 22
57 0
58 25
59 26
60 25
61 4
62 4
63 4
64 4
65 4
66 4
67 18
68 19
69 17
70 17
71 17
72 17
73 17
74 17
75 17
76 17
77 17
78 20
79 17
80 21
81 17
82 22
83 23
84 17
85 0
86 17
87 0
88 17
89 18
90 17
91 0
92 0
93 0
94 20
95 0
96 19
97 0
98 0
99 0
100 0
101 25
102 25
103 26
104 25
105 25
106 0
107 0
108 0
109 0
110 0
111 0
112 26
113 0
114 0
115 27
116 28
117 27
118 0
119 27
120 27
121 26
122 26
123 17
124 17
125 17
126 17
127 19
128 20
129 21
130 22
131 23
132 24
133 25
134 26
135 20
136 21
137 22
138 23
139 24
140 26
141 26
142 26
143 26
144 0
145 0
146 23
147 23
148 25
149 0
150 25
151 0
152 0
153 0
154 0
155 0
156 26
157 28
158 26
159 26
160 22
161 17
162 17
163 0
164 26
165 0
166 17
167 26
168 26
169 28
170 28
171 28
172 29
173 29
174 28
175 26
176 26
177 21
178 21
179 21
180 21
181 0
182 0
183 0
184 17
185 26
186 28
187 22
188 29
189 29
190 29
191 30
192 29
193 30
194 28
195 17
196 17
197 0
198 29
199 26
200 26
201 28
202 22
203 0
204 25
205 26
