problem_instance_file_name: zeroin.i.2.col
cmd_line: mpirun -n 512 ./graph-coloring ../inputs/zeroin.i.2.col 3600
solver_version: v1.0.1
number_of_vertices: 211
number_of_edges: 3541
time_limit_sec: 3600
number_of_worker_processes: 512
number_of_cores_per_worker: 2
wall_time_sec: 2
is_within_time_limit: true
number_of_colors: 30
0 1
1 2
2 3
3 4
4 5
5 6
6 7
7 8
8 9
9 10
10 11
11 12
12 13
13 14
14 15
15 16
16 1
17 17
18 16
19 15
20 14
21 13
22 12
23 6
24 5
25 3
26 2
27 7
28 8
29 9
30 10
31 11
32 17
33 0
34 0
35 18
36 0
37 0
38 0
39 0
40 19
41 0
42 20
43 0
44 21
45 0
46 19
47 22
48 0
49 0
50 23
51 0
52 0
53 24
54 0
55 17
56 22
57 0
58 25
59 26
60 29
61 4
62 4
63 4
64 4
65 4
66 4
67 18
68 19
69 17
70 17
71 17
72 17
73 17
74 17
75 17
76 17
77 17
78 20
79 17
80 21
81 17
82 22
83 23
84 17
85 0
86 0
87 17
88 0
89 17
90 18
91 17
92 0
93 0
94 0
95 0
96 0
97 0
98 20
99 0
100 19
101 0
102 0
103 0
104 0
105 25
106 25
107 26
108 25
109 25
110 0
111 0
112 0
113 0
114 0
115 0
116 26
117 0
118 0
119 27
120 28
121 27
122 0
123 30
124 25
125 27
126 26
127 17
128 17
129 17
130 17
131 19
132 20
133 21
134 22
135 23
136 24
137 25
138 26
139 20
140 21
141 22
142 23
143 24
144 26
145 26
146 26
147 26
148 0
149 0
150 23
151 23
152 0
153 25
154 0
155 25
156 0
157 0
158 0
159 0
160 0
161 26
162 27
163 26
164 26
165 22
166 17
167 17
168 0
169 26
170 0
171 17
172 26
173 27
174 26
175 27
176 27
177 28
178 28
179 27
180 26
181 26
182 21
183 21
184 21
185 21
186 0
187 0
188 0
189 17
190 26
191 27
192 22
193 28
194 28
195 28
196 30
197 28
198 30
199 27
200 17
201 17
202 0
203 28
204 26
205 26
206 27
207 22
208 0
209 25
210 26
